2024-11-15 19:48:14,314 - INFO - Step 1 - Fetching and parsing HTML - HTML string
2024-11-15 19:48:14,369 - INFO - Step 2 - Fetching and parsing CSS - CSS string
2024-11-15 19:48:14,468 - INFO - Step 3 - Applying CSS
2024-11-15 19:48:14,474 - INFO - Step 4 - Creating formatting structure
2024-11-15 19:48:14,484 - INFO - Step 5 - Creating layout - Page 1
2024-11-15 19:48:17,264 - INFO - Step 6 - Creating PDF
2024-11-15 19:48:17,295 - INFO - Step 7 - Adding PDF metadata
2024-11-15 19:49:54,864 - INFO - Step 1 - Fetching and parsing HTML - HTML string
2024-11-15 19:49:54,889 - INFO - Step 2 - Fetching and parsing CSS - CSS string
2024-11-15 19:49:54,951 - INFO - Step 3 - Applying CSS
2024-11-15 19:49:54,953 - INFO - Step 4 - Creating formatting structure
2024-11-15 19:49:54,959 - INFO - Step 5 - Creating layout - Page 1
2024-11-15 19:49:55,038 - INFO - Step 6 - Creating PDF
2024-11-15 19:49:55,066 - INFO - Step 7 - Adding PDF metadata
2024-11-15 19:50:30,992 - INFO - Step 1 - Fetching and parsing HTML - HTML string
2024-11-15 19:50:31,009 - INFO - Step 2 - Fetching and parsing CSS - CSS string
2024-11-15 19:50:31,069 - INFO - Step 3 - Applying CSS
2024-11-15 19:50:31,070 - INFO - Step 4 - Creating formatting structure
2024-11-15 19:50:31,077 - INFO - Step 5 - Creating layout - Page 1
2024-11-15 19:50:31,130 - INFO - Step 6 - Creating PDF
2024-11-15 19:50:31,174 - INFO - Step 7 - Adding PDF metadata
2024-11-15 19:50:43,387 - INFO - Step 1 - Fetching and parsing HTML - HTML string
2024-11-15 19:50:43,414 - INFO - Step 2 - Fetching and parsing CSS - CSS string
2024-11-15 19:50:43,472 - INFO - Step 3 - Applying CSS
2024-11-15 19:50:43,472 - INFO - Step 4 - Creating formatting structure
2024-11-15 19:50:43,476 - INFO - Step 5 - Creating layout - Page 1
2024-11-15 19:50:43,536 - INFO - Step 6 - Creating PDF
2024-11-15 19:50:43,567 - INFO - Step 7 - Adding PDF metadata
2024-11-15 19:51:35,137 - INFO - Step 1 - Fetching and parsing HTML - HTML string
2024-11-15 19:51:35,156 - INFO - Step 2 - Fetching and parsing CSS - CSS string
2024-11-15 19:51:35,227 - INFO - Step 3 - Applying CSS
2024-11-15 19:51:35,229 - INFO - Step 4 - Creating formatting structure
2024-11-15 19:51:35,235 - INFO - Step 5 - Creating layout - Page 1
2024-11-15 19:51:35,297 - INFO - Step 6 - Creating PDF
2024-11-15 19:51:35,331 - INFO - Step 7 - Adding PDF metadata
2024-11-15 19:52:36,874 - INFO - Step 1 - Fetching and parsing HTML - HTML string
2024-11-15 19:52:36,905 - INFO - Step 2 - Fetching and parsing CSS - CSS string
2024-11-15 19:52:36,987 - INFO - Step 3 - Applying CSS
2024-11-15 19:52:36,989 - INFO - Step 4 - Creating formatting structure
2024-11-15 19:52:36,995 - INFO - Step 5 - Creating layout - Page 1
2024-11-15 19:52:37,088 - INFO - Step 6 - Creating PDF
2024-11-15 19:52:37,131 - INFO - Step 7 - Adding PDF metadata
2024-11-15 19:53:10,319 - INFO - Step 1 - Fetching and parsing HTML - HTML string
2024-11-15 19:53:10,334 - INFO - Step 2 - Fetching and parsing CSS - CSS string
2024-11-15 19:53:10,402 - INFO - Step 3 - Applying CSS
2024-11-15 19:53:10,403 - INFO - Step 4 - Creating formatting structure
2024-11-15 19:53:10,409 - INFO - Step 5 - Creating layout - Page 1
2024-11-15 19:53:10,458 - INFO - Step 6 - Creating PDF
2024-11-15 19:53:10,497 - INFO - Step 7 - Adding PDF metadata
2024-11-15 19:53:36,365 - INFO - Step 1 - Fetching and parsing HTML - HTML string
2024-11-15 19:53:36,380 - INFO - Step 2 - Fetching and parsing CSS - CSS string
2024-11-15 19:53:36,440 - INFO - Step 3 - Applying CSS
2024-11-15 19:53:36,442 - INFO - Step 4 - Creating formatting structure
2024-11-15 19:53:36,449 - INFO - Step 5 - Creating layout - Page 1
2024-11-15 19:53:36,517 - INFO - Step 6 - Creating PDF
2024-11-15 19:53:36,580 - INFO - Step 7 - Adding PDF metadata
2024-11-15 19:54:45,594 - INFO - Step 1 - Fetching and parsing HTML - HTML string
2024-11-15 19:54:45,618 - INFO - Step 2 - Fetching and parsing CSS - CSS string
2024-11-15 19:54:45,689 - INFO - Step 3 - Applying CSS
2024-11-15 19:54:45,691 - INFO - Step 4 - Creating formatting structure
2024-11-15 19:54:45,697 - INFO - Step 5 - Creating layout - Page 1
2024-11-15 19:54:45,768 - INFO - Step 6 - Creating PDF
2024-11-15 19:54:45,806 - INFO - Step 7 - Adding PDF metadata
2024-11-15 19:55:39,266 - INFO - Step 1 - Fetching and parsing HTML - HTML string
2024-11-15 19:55:39,286 - INFO - Step 2 - Fetching and parsing CSS - CSS string
2024-11-15 19:55:39,355 - INFO - Step 3 - Applying CSS
2024-11-15 19:55:39,356 - INFO - Step 4 - Creating formatting structure
2024-11-15 19:55:39,361 - INFO - Step 5 - Creating layout - Page 1
2024-11-15 19:55:39,414 - INFO - Step 6 - Creating PDF
2024-11-15 19:55:39,458 - INFO - Step 7 - Adding PDF metadata
2024-11-15 21:43:16,537 - INFO - Step 1 - Fetching and parsing HTML - HTML string
2024-11-15 21:43:16,572 - INFO - Step 2 - Fetching and parsing CSS - CSS string
2024-11-15 21:43:16,650 - INFO - Step 3 - Applying CSS
2024-11-15 21:43:16,653 - INFO - Step 4 - Creating formatting structure
2024-11-15 21:43:16,666 - INFO - Step 5 - Creating layout - Page 1
2024-11-15 21:43:18,854 - INFO - Step 6 - Creating PDF
2024-11-15 21:43:18,896 - INFO - Step 7 - Adding PDF metadata
2024-11-15 21:45:36,214 - INFO - Step 1 - Fetching and parsing HTML - HTML string
2024-11-15 21:45:36,244 - INFO - Step 2 - Fetching and parsing CSS - CSS string
2024-11-15 21:45:36,309 - INFO - Step 3 - Applying CSS
2024-11-15 21:45:36,312 - INFO - Step 4 - Creating formatting structure
2024-11-15 21:45:36,319 - INFO - Step 5 - Creating layout - Page 1
2024-11-15 21:45:38,537 - INFO - Step 6 - Creating PDF
2024-11-15 21:45:38,570 - INFO - Step 7 - Adding PDF metadata
2024-11-15 21:46:44,740 - INFO - Step 1 - Fetching and parsing HTML - HTML string
2024-11-15 21:46:44,757 - INFO - Step 2 - Fetching and parsing CSS - CSS string
2024-11-15 21:46:44,817 - INFO - Step 3 - Applying CSS
2024-11-15 21:46:44,820 - INFO - Step 4 - Creating formatting structure
2024-11-15 21:46:44,827 - INFO - Step 5 - Creating layout - Page 1
2024-11-15 21:46:46,745 - INFO - Step 6 - Creating PDF
2024-11-15 21:46:46,838 - INFO - Step 7 - Adding PDF metadata
2024-11-15 21:47:08,811 - INFO - Step 1 - Fetching and parsing HTML - HTML string
2024-11-15 21:47:08,831 - INFO - Step 2 - Fetching and parsing CSS - CSS string
2024-11-15 21:47:08,893 - INFO - Step 3 - Applying CSS
2024-11-15 21:47:08,895 - INFO - Step 4 - Creating formatting structure
2024-11-15 21:47:08,903 - INFO - Step 5 - Creating layout - Page 1
2024-11-15 21:47:11,027 - INFO - Step 6 - Creating PDF
2024-11-15 21:47:11,056 - INFO - Step 7 - Adding PDF metadata
2024-11-15 21:48:13,938 - INFO - Step 1 - Fetching and parsing HTML - HTML string
2024-11-15 21:48:13,956 - INFO - Step 2 - Fetching and parsing CSS - CSS string
2024-11-15 21:48:14,017 - INFO - Step 3 - Applying CSS
2024-11-15 21:48:14,020 - INFO - Step 4 - Creating formatting structure
2024-11-15 21:48:14,028 - INFO - Step 5 - Creating layout - Page 1
2024-11-15 21:48:16,185 - INFO - Step 6 - Creating PDF
2024-11-15 21:48:16,227 - INFO - Step 7 - Adding PDF metadata
2024-11-15 21:48:42,020 - INFO - Step 1 - Fetching and parsing HTML - HTML string
2024-11-15 21:48:42,045 - INFO - Step 2 - Fetching and parsing CSS - CSS string
2024-11-15 21:48:42,109 - INFO - Step 3 - Applying CSS
2024-11-15 21:48:42,112 - INFO - Step 4 - Creating formatting structure
2024-11-15 21:48:42,123 - INFO - Step 5 - Creating layout - Page 1
2024-11-15 21:48:43,958 - INFO - Step 6 - Creating PDF
2024-11-15 21:48:43,991 - INFO - Step 7 - Adding PDF metadata
2024-11-15 21:51:07,384 - INFO - Step 1 - Fetching and parsing HTML - HTML string
2024-11-15 21:51:07,407 - INFO - Step 2 - Fetching and parsing CSS - CSS string
2024-11-15 21:51:07,471 - INFO - Step 3 - Applying CSS
2024-11-15 21:51:07,474 - INFO - Step 4 - Creating formatting structure
2024-11-15 21:51:07,482 - INFO - Step 5 - Creating layout - Page 1
2024-11-15 21:51:09,496 - INFO - Step 6 - Creating PDF
2024-11-15 21:51:09,536 - INFO - Step 7 - Adding PDF metadata
2024-11-15 21:51:33,210 - INFO - Step 1 - Fetching and parsing HTML - HTML string
2024-11-15 21:51:33,244 - INFO - Step 2 - Fetching and parsing CSS - CSS string
2024-11-15 21:51:33,309 - INFO - Step 3 - Applying CSS
2024-11-15 21:51:33,312 - INFO - Step 4 - Creating formatting structure
2024-11-15 21:51:33,321 - INFO - Step 5 - Creating layout - Page 1
2024-11-15 21:51:35,182 - INFO - Step 6 - Creating PDF
2024-11-15 21:51:35,210 - INFO - Step 7 - Adding PDF metadata
2024-11-15 21:52:05,203 - INFO - Step 1 - Fetching and parsing HTML - HTML string
2024-11-15 21:52:05,224 - INFO - Step 2 - Fetching and parsing CSS - CSS string
2024-11-15 21:52:05,282 - INFO - Step 3 - Applying CSS
2024-11-15 21:52:05,283 - INFO - Step 4 - Creating formatting structure
2024-11-15 21:52:05,292 - INFO - Step 5 - Creating layout - Page 1
2024-11-15 21:52:07,196 - INFO - Step 6 - Creating PDF
2024-11-15 21:52:07,240 - INFO - Step 7 - Adding PDF metadata
2024-11-15 21:52:26,002 - INFO - Step 1 - Fetching and parsing HTML - HTML string
2024-11-15 21:52:26,018 - INFO - Step 2 - Fetching and parsing CSS - CSS string
2024-11-15 21:52:26,074 - INFO - Step 3 - Applying CSS
2024-11-15 21:52:26,077 - INFO - Step 4 - Creating formatting structure
2024-11-15 21:52:26,086 - INFO - Step 5 - Creating layout - Page 1
2024-11-15 21:52:28,029 - INFO - Step 6 - Creating PDF
2024-11-15 21:52:28,059 - INFO - Step 7 - Adding PDF metadata
2024-11-15 21:53:03,947 - INFO - Step 1 - Fetching and parsing HTML - HTML string
2024-11-15 21:53:03,978 - INFO - Step 2 - Fetching and parsing CSS - CSS string
2024-11-15 21:53:04,050 - INFO - Step 3 - Applying CSS
2024-11-15 21:53:04,053 - INFO - Step 4 - Creating formatting structure
2024-11-15 21:53:04,061 - INFO - Step 5 - Creating layout - Page 1
2024-11-15 21:53:05,910 - INFO - Step 6 - Creating PDF
2024-11-15 21:53:05,939 - INFO - Step 7 - Adding PDF metadata
2024-11-15 21:53:51,516 - INFO - Step 1 - Fetching and parsing HTML - HTML string
2024-11-15 21:53:51,533 - INFO - Step 2 - Fetching and parsing CSS - CSS string
2024-11-15 21:53:51,589 - INFO - Step 3 - Applying CSS
2024-11-15 21:53:51,591 - INFO - Step 4 - Creating formatting structure
2024-11-15 21:53:51,597 - INFO - Step 5 - Creating layout - Page 1
2024-11-15 21:53:53,538 - INFO - Step 6 - Creating PDF
2024-11-15 21:53:53,576 - INFO - Step 7 - Adding PDF metadata
2024-11-15 21:54:11,965 - INFO - Step 1 - Fetching and parsing HTML - HTML string
2024-11-15 21:54:11,984 - INFO - Step 2 - Fetching and parsing CSS - CSS string
2024-11-15 21:54:12,053 - INFO - Step 3 - Applying CSS
2024-11-15 21:54:12,056 - INFO - Step 4 - Creating formatting structure
2024-11-15 21:54:12,064 - INFO - Step 5 - Creating layout - Page 1
2024-11-15 21:54:13,940 - INFO - Step 6 - Creating PDF
2024-11-15 21:54:13,977 - INFO - Step 7 - Adding PDF metadata
2024-11-15 21:54:31,153 - INFO - Step 1 - Fetching and parsing HTML - HTML string
2024-11-15 21:54:31,174 - INFO - Step 2 - Fetching and parsing CSS - CSS string
2024-11-15 21:54:31,264 - INFO - Step 3 - Applying CSS
2024-11-15 21:54:31,268 - INFO - Step 4 - Creating formatting structure
2024-11-15 21:54:31,278 - INFO - Step 5 - Creating layout - Page 1
2024-11-15 21:54:33,526 - INFO - Step 6 - Creating PDF
2024-11-15 21:54:33,564 - INFO - Step 7 - Adding PDF metadata
2024-11-15 21:54:50,434 - INFO - Step 1 - Fetching and parsing HTML - HTML string
2024-11-15 21:54:50,450 - INFO - Step 2 - Fetching and parsing CSS - CSS string
2024-11-15 21:54:50,522 - INFO - Step 3 - Applying CSS
2024-11-15 21:54:50,524 - INFO - Step 4 - Creating formatting structure
2024-11-15 21:54:50,529 - INFO - Step 5 - Creating layout - Page 1
2024-11-15 21:54:52,350 - INFO - Step 6 - Creating PDF
2024-11-15 21:54:52,395 - INFO - Step 7 - Adding PDF metadata
2024-11-15 21:55:59,822 - INFO - Step 1 - Fetching and parsing HTML - HTML string
2024-11-15 21:55:59,839 - INFO - Step 2 - Fetching and parsing CSS - CSS string
2024-11-15 21:55:59,903 - INFO - Step 3 - Applying CSS
2024-11-15 21:55:59,906 - INFO - Step 4 - Creating formatting structure
2024-11-15 21:55:59,913 - INFO - Step 5 - Creating layout - Page 1
2024-11-15 21:56:01,736 - INFO - Step 6 - Creating PDF
2024-11-15 21:56:01,766 - INFO - Step 7 - Adding PDF metadata
2024-11-15 21:56:18,389 - INFO - Step 1 - Fetching and parsing HTML - HTML string
2024-11-15 21:56:18,410 - INFO - Step 2 - Fetching and parsing CSS - CSS string
2024-11-15 21:56:18,467 - INFO - Step 3 - Applying CSS
2024-11-15 21:56:18,470 - INFO - Step 4 - Creating formatting structure
2024-11-15 21:56:18,480 - INFO - Step 5 - Creating layout - Page 1
2024-11-15 21:56:20,338 - INFO - Step 6 - Creating PDF
2024-11-15 21:56:20,367 - INFO - Step 7 - Adding PDF metadata
2024-11-15 21:57:26,650 - INFO - Step 1 - Fetching and parsing HTML - HTML string
2024-11-15 21:57:26,667 - INFO - Step 2 - Fetching and parsing CSS - CSS string
2024-11-15 21:57:26,728 - INFO - Step 3 - Applying CSS
2024-11-15 21:57:26,731 - INFO - Step 4 - Creating formatting structure
2024-11-15 21:57:26,738 - INFO - Step 5 - Creating layout - Page 1
2024-11-15 21:57:28,639 - INFO - Step 6 - Creating PDF
2024-11-15 21:57:28,668 - INFO - Step 7 - Adding PDF metadata
2024-11-15 21:57:45,710 - INFO - Step 1 - Fetching and parsing HTML - HTML string
2024-11-15 21:57:45,732 - INFO - Step 2 - Fetching and parsing CSS - CSS string
2024-11-15 21:57:45,789 - INFO - Step 3 - Applying CSS
2024-11-15 21:57:45,792 - INFO - Step 4 - Creating formatting structure
2024-11-15 21:57:45,799 - INFO - Step 5 - Creating layout - Page 1
2024-11-15 21:57:48,038 - INFO - Step 6 - Creating PDF
2024-11-15 21:57:48,079 - INFO - Step 7 - Adding PDF metadata
2024-11-15 21:59:02,847 - INFO - Step 1 - Fetching and parsing HTML - HTML string
2024-11-15 21:59:02,872 - INFO - Step 2 - Fetching and parsing CSS - CSS string
2024-11-15 21:59:02,931 - INFO - Step 3 - Applying CSS
2024-11-15 21:59:02,934 - INFO - Step 4 - Creating formatting structure
2024-11-15 21:59:02,944 - INFO - Step 5 - Creating layout - Page 1
2024-11-15 21:59:04,810 - INFO - Step 6 - Creating PDF
2024-11-15 21:59:04,852 - INFO - Step 7 - Adding PDF metadata
2024-11-15 21:59:51,681 - INFO - Step 1 - Fetching and parsing HTML - HTML string
2024-11-15 21:59:51,697 - INFO - Step 2 - Fetching and parsing CSS - CSS string
2024-11-15 21:59:51,759 - INFO - Step 3 - Applying CSS
2024-11-15 21:59:51,762 - INFO - Step 4 - Creating formatting structure
2024-11-15 21:59:51,768 - INFO - Step 5 - Creating layout - Page 1
2024-11-15 21:59:53,606 - INFO - Step 6 - Creating PDF
2024-11-15 21:59:53,635 - INFO - Step 7 - Adding PDF metadata
2024-11-15 22:01:07,243 - INFO - Step 1 - Fetching and parsing HTML - HTML string
2024-11-15 22:01:07,259 - INFO - Step 2 - Fetching and parsing CSS - CSS string
2024-11-15 22:01:07,321 - INFO - Step 3 - Applying CSS
2024-11-15 22:01:07,325 - INFO - Step 4 - Creating formatting structure
2024-11-15 22:01:07,331 - INFO - Step 5 - Creating layout - Page 1
2024-11-15 22:01:09,540 - INFO - Step 6 - Creating PDF
2024-11-15 22:01:09,570 - INFO - Step 7 - Adding PDF metadata
2024-11-15 22:02:04,301 - INFO - Step 1 - Fetching and parsing HTML - HTML string
2024-11-15 22:02:04,328 - INFO - Step 2 - Fetching and parsing CSS - CSS string
2024-11-15 22:02:04,393 - INFO - Step 3 - Applying CSS
2024-11-15 22:02:04,396 - INFO - Step 4 - Creating formatting structure
2024-11-15 22:02:04,404 - INFO - Step 5 - Creating layout - Page 1
2024-11-15 22:02:06,525 - INFO - Step 6 - Creating PDF
2024-11-15 22:02:06,555 - INFO - Step 7 - Adding PDF metadata
2024-11-15 22:02:59,231 - INFO - Step 1 - Fetching and parsing HTML - HTML string
2024-11-15 22:02:59,247 - INFO - Step 2 - Fetching and parsing CSS - CSS string
2024-11-15 22:02:59,315 - INFO - Step 3 - Applying CSS
2024-11-15 22:02:59,318 - INFO - Step 4 - Creating formatting structure
2024-11-15 22:02:59,328 - INFO - Step 5 - Creating layout - Page 1
2024-11-15 22:03:01,680 - INFO - Step 6 - Creating PDF
2024-11-15 22:03:01,749 - INFO - Step 7 - Adding PDF metadata
2024-11-15 22:03:18,765 - INFO - Step 1 - Fetching and parsing HTML - HTML string
2024-11-15 22:03:18,789 - INFO - Step 2 - Fetching and parsing CSS - CSS string
2024-11-15 22:03:18,856 - INFO - Step 3 - Applying CSS
2024-11-15 22:03:18,858 - INFO - Step 4 - Creating formatting structure
2024-11-15 22:03:18,864 - INFO - Step 5 - Creating layout - Page 1
2024-11-15 22:03:21,049 - INFO - Step 6 - Creating PDF
2024-11-15 22:03:21,084 - INFO - Step 7 - Adding PDF metadata
2024-11-15 22:03:50,489 - INFO - Step 1 - Fetching and parsing HTML - HTML string
2024-11-15 22:03:50,507 - INFO - Step 2 - Fetching and parsing CSS - CSS string
2024-11-15 22:03:50,572 - INFO - Step 3 - Applying CSS
2024-11-15 22:03:50,575 - INFO - Step 4 - Creating formatting structure
2024-11-15 22:03:50,582 - INFO - Step 5 - Creating layout - Page 1
2024-11-15 22:03:52,432 - INFO - Step 6 - Creating PDF
2024-11-15 22:03:52,466 - INFO - Step 7 - Adding PDF metadata
2024-11-15 22:04:56,216 - INFO - Step 1 - Fetching and parsing HTML - HTML string
2024-11-15 22:04:56,243 - INFO - Step 2 - Fetching and parsing CSS - CSS string
2024-11-15 22:04:56,299 - INFO - Step 3 - Applying CSS
2024-11-15 22:04:56,302 - INFO - Step 4 - Creating formatting structure
2024-11-15 22:04:56,312 - INFO - Step 5 - Creating layout - Page 1
2024-11-15 22:04:58,488 - INFO - Step 6 - Creating PDF
2024-11-15 22:04:58,517 - INFO - Step 7 - Adding PDF metadata
2024-11-15 22:05:43,066 - INFO - Step 1 - Fetching and parsing HTML - HTML string
2024-11-15 22:05:43,095 - INFO - Step 2 - Fetching and parsing CSS - CSS string
2024-11-15 22:05:43,155 - INFO - Step 3 - Applying CSS
2024-11-15 22:05:43,158 - INFO - Step 4 - Creating formatting structure
2024-11-15 22:05:43,164 - INFO - Step 5 - Creating layout - Page 1
2024-11-15 22:05:45,019 - INFO - Step 6 - Creating PDF
2024-11-15 22:05:45,050 - INFO - Step 7 - Adding PDF metadata
2024-11-15 22:06:12,329 - INFO - Step 1 - Fetching and parsing HTML - HTML string
2024-11-15 22:06:12,355 - INFO - Step 2 - Fetching and parsing CSS - CSS string
2024-11-15 22:06:12,409 - INFO - Step 3 - Applying CSS
2024-11-15 22:06:12,412 - INFO - Step 4 - Creating formatting structure
2024-11-15 22:06:12,419 - INFO - Step 5 - Creating layout - Page 1
2024-11-15 22:06:14,024 - INFO - Step 6 - Creating PDF
2024-11-15 22:06:14,064 - INFO - Step 7 - Adding PDF metadata
2024-11-15 22:06:26,983 - INFO - Step 1 - Fetching and parsing HTML - HTML string
2024-11-15 22:06:27,005 - INFO - Step 2 - Fetching and parsing CSS - CSS string
2024-11-15 22:06:27,076 - INFO - Step 3 - Applying CSS
2024-11-15 22:06:27,079 - INFO - Step 4 - Creating formatting structure
2024-11-15 22:06:27,089 - INFO - Step 5 - Creating layout - Page 1
2024-11-15 22:06:29,204 - INFO - Step 6 - Creating PDF
2024-11-15 22:06:29,242 - INFO - Step 7 - Adding PDF metadata
2024-11-15 22:06:40,555 - INFO - Step 1 - Fetching and parsing HTML - HTML string
2024-11-15 22:06:40,575 - INFO - Step 2 - Fetching and parsing CSS - CSS string
2024-11-15 22:06:40,647 - INFO - Step 3 - Applying CSS
2024-11-15 22:06:40,650 - INFO - Step 4 - Creating formatting structure
2024-11-15 22:06:40,658 - INFO - Step 5 - Creating layout - Page 1
2024-11-15 22:06:42,523 - INFO - Step 6 - Creating PDF
2024-11-15 22:06:42,552 - INFO - Step 7 - Adding PDF metadata
2024-11-15 22:07:29,645 - INFO - Step 1 - Fetching and parsing HTML - HTML string
2024-11-15 22:07:29,662 - INFO - Step 2 - Fetching and parsing CSS - CSS string
2024-11-15 22:07:29,721 - INFO - Step 3 - Applying CSS
2024-11-15 22:07:29,724 - INFO - Step 4 - Creating formatting structure
2024-11-15 22:07:29,731 - INFO - Step 5 - Creating layout - Page 1
2024-11-15 22:07:31,593 - INFO - Step 6 - Creating PDF
2024-11-15 22:07:31,635 - INFO - Step 7 - Adding PDF metadata
2024-11-15 22:07:50,730 - INFO - Step 1 - Fetching and parsing HTML - HTML string
2024-11-15 22:07:50,755 - INFO - Step 2 - Fetching and parsing CSS - CSS string
2024-11-15 22:07:50,817 - INFO - Step 3 - Applying CSS
2024-11-15 22:07:50,820 - INFO - Step 4 - Creating formatting structure
2024-11-15 22:07:50,830 - INFO - Step 5 - Creating layout - Page 1
2024-11-15 22:07:52,679 - INFO - Step 6 - Creating PDF
2024-11-15 22:07:52,710 - INFO - Step 7 - Adding PDF metadata
2024-11-15 22:10:38,687 - INFO - Step 1 - Fetching and parsing HTML - HTML string
2024-11-15 22:10:38,709 - INFO - Step 2 - Fetching and parsing CSS - CSS string
2024-11-15 22:10:38,767 - INFO - Step 3 - Applying CSS
2024-11-15 22:10:38,770 - INFO - Step 4 - Creating formatting structure
2024-11-15 22:10:38,778 - INFO - Step 5 - Creating layout - Page 1
2024-11-15 22:10:40,804 - INFO - Step 6 - Creating PDF
2024-11-15 22:10:40,839 - INFO - Step 7 - Adding PDF metadata
2024-11-15 22:11:16,478 - INFO - Step 1 - Fetching and parsing HTML - HTML string
2024-11-15 22:11:16,511 - INFO - Step 2 - Fetching and parsing CSS - CSS string
2024-11-15 22:11:16,574 - INFO - Step 3 - Applying CSS
2024-11-15 22:11:16,578 - INFO - Step 4 - Creating formatting structure
2024-11-15 22:11:16,584 - INFO - Step 5 - Creating layout - Page 1
2024-11-15 22:11:18,153 - INFO - Step 6 - Creating PDF
2024-11-15 22:11:18,199 - INFO - Step 7 - Adding PDF metadata
2024-11-15 22:11:47,996 - INFO - Step 1 - Fetching and parsing HTML - HTML string
2024-11-15 22:11:48,013 - INFO - Step 2 - Fetching and parsing CSS - CSS string
2024-11-15 22:11:48,078 - INFO - Step 3 - Applying CSS
2024-11-15 22:11:48,082 - INFO - Step 4 - Creating formatting structure
2024-11-15 22:11:48,093 - INFO - Step 5 - Creating layout - Page 1
2024-11-15 22:11:49,768 - INFO - Step 6 - Creating PDF
2024-11-15 22:11:49,796 - INFO - Step 7 - Adding PDF metadata
2024-11-15 22:12:45,550 - INFO - Step 1 - Fetching and parsing HTML - HTML string
2024-11-15 22:12:45,570 - INFO - Step 2 - Fetching and parsing CSS - CSS string
2024-11-15 22:12:45,635 - INFO - Step 3 - Applying CSS
2024-11-15 22:12:45,638 - INFO - Step 4 - Creating formatting structure
2024-11-15 22:12:45,646 - INFO - Step 5 - Creating layout - Page 1
2024-11-15 22:12:47,375 - INFO - Step 6 - Creating PDF
2024-11-15 22:12:47,404 - INFO - Step 7 - Adding PDF metadata
2024-11-15 22:13:00,458 - INFO - Step 1 - Fetching and parsing HTML - HTML string
2024-11-15 22:13:00,482 - INFO - Step 2 - Fetching and parsing CSS - CSS string
2024-11-15 22:13:00,537 - INFO - Step 3 - Applying CSS
2024-11-15 22:13:00,541 - INFO - Step 4 - Creating formatting structure
2024-11-15 22:13:00,550 - INFO - Step 5 - Creating layout - Page 1
2024-11-15 22:13:02,200 - INFO - Step 6 - Creating PDF
2024-11-15 22:13:02,228 - INFO - Step 7 - Adding PDF metadata
2024-11-15 22:13:15,593 - INFO - Step 1 - Fetching and parsing HTML - HTML string
2024-11-15 22:13:15,618 - INFO - Step 2 - Fetching and parsing CSS - CSS string
2024-11-15 22:13:15,687 - INFO - Step 3 - Applying CSS
2024-11-15 22:13:15,691 - INFO - Step 4 - Creating formatting structure
2024-11-15 22:13:15,698 - INFO - Step 5 - Creating layout - Page 1
2024-11-15 22:13:17,558 - INFO - Step 6 - Creating PDF
2024-11-15 22:13:17,588 - INFO - Step 7 - Adding PDF metadata
2024-11-15 22:13:29,747 - INFO - Step 1 - Fetching and parsing HTML - HTML string
2024-11-15 22:13:29,772 - INFO - Step 2 - Fetching and parsing CSS - CSS string
2024-11-15 22:13:29,835 - INFO - Step 3 - Applying CSS
2024-11-15 22:13:29,837 - INFO - Step 4 - Creating formatting structure
2024-11-15 22:13:29,843 - INFO - Step 5 - Creating layout - Page 1
2024-11-15 22:13:31,764 - INFO - Step 6 - Creating PDF
2024-11-15 22:13:31,802 - INFO - Step 7 - Adding PDF metadata
2024-11-15 22:14:00,004 - INFO - Step 1 - Fetching and parsing HTML - HTML string
2024-11-15 22:14:00,028 - INFO - Step 2 - Fetching and parsing CSS - CSS string
2024-11-15 22:14:00,097 - INFO - Step 3 - Applying CSS
2024-11-15 22:14:00,099 - INFO - Step 4 - Creating formatting structure
2024-11-15 22:14:00,106 - INFO - Step 5 - Creating layout - Page 1
2024-11-15 22:14:01,953 - INFO - Step 6 - Creating PDF
2024-11-15 22:14:01,982 - INFO - Step 7 - Adding PDF metadata
2024-11-15 22:14:11,891 - INFO - Step 1 - Fetching and parsing HTML - HTML string
2024-11-15 22:14:11,907 - INFO - Step 2 - Fetching and parsing CSS - CSS string
2024-11-15 22:14:11,981 - INFO - Step 3 - Applying CSS
2024-11-15 22:14:11,984 - INFO - Step 4 - Creating formatting structure
2024-11-15 22:14:11,994 - INFO - Step 5 - Creating layout - Page 1
2024-11-15 22:14:13,698 - INFO - Step 6 - Creating PDF
2024-11-15 22:14:13,726 - INFO - Step 7 - Adding PDF metadata
2024-11-15 22:14:26,161 - INFO - Step 1 - Fetching and parsing HTML - HTML string
2024-11-15 22:14:26,179 - INFO - Step 2 - Fetching and parsing CSS - CSS string
2024-11-15 22:14:26,244 - INFO - Step 3 - Applying CSS
2024-11-15 22:14:26,247 - INFO - Step 4 - Creating formatting structure
2024-11-15 22:14:26,256 - INFO - Step 5 - Creating layout - Page 1
2024-11-15 22:14:28,052 - INFO - Step 6 - Creating PDF
2024-11-15 22:14:28,082 - INFO - Step 7 - Adding PDF metadata
2024-11-15 22:15:05,191 - INFO - Step 1 - Fetching and parsing HTML - HTML string
2024-11-15 22:15:05,208 - INFO - Step 2 - Fetching and parsing CSS - CSS string
2024-11-15 22:15:05,264 - INFO - Step 3 - Applying CSS
2024-11-15 22:15:05,268 - INFO - Step 4 - Creating formatting structure
2024-11-15 22:15:05,277 - INFO - Step 5 - Creating layout - Page 1
2024-11-15 22:15:07,288 - INFO - Step 6 - Creating PDF
2024-11-15 22:15:07,336 - INFO - Step 7 - Adding PDF metadata
2024-11-15 22:15:19,890 - INFO - Step 1 - Fetching and parsing HTML - HTML string
2024-11-15 22:15:19,907 - INFO - Step 2 - Fetching and parsing CSS - CSS string
2024-11-15 22:15:19,966 - INFO - Step 3 - Applying CSS
2024-11-15 22:15:19,967 - INFO - Step 4 - Creating formatting structure
2024-11-15 22:15:19,974 - INFO - Step 5 - Creating layout - Page 1
2024-11-15 22:15:21,842 - INFO - Step 6 - Creating PDF
2024-11-15 22:15:21,876 - INFO - Step 7 - Adding PDF metadata
2024-11-15 22:15:35,408 - INFO - Step 1 - Fetching and parsing HTML - HTML string
2024-11-15 22:15:35,431 - INFO - Step 2 - Fetching and parsing CSS - CSS string
2024-11-15 22:15:35,486 - INFO - Step 3 - Applying CSS
2024-11-15 22:15:35,487 - INFO - Step 4 - Creating formatting structure
2024-11-15 22:15:35,494 - INFO - Step 5 - Creating layout - Page 1
2024-11-15 22:15:37,000 - INFO - Step 6 - Creating PDF
2024-11-15 22:15:37,029 - INFO - Step 7 - Adding PDF metadata
2024-11-15 22:16:53,654 - INFO - Step 1 - Fetching and parsing HTML - HTML string
2024-11-15 22:16:53,675 - INFO - Step 2 - Fetching and parsing CSS - CSS string
2024-11-15 22:16:53,736 - INFO - Step 3 - Applying CSS
2024-11-15 22:16:53,739 - INFO - Step 4 - Creating formatting structure
2024-11-15 22:16:53,747 - INFO - Step 5 - Creating layout - Page 1
2024-11-15 22:16:55,618 - INFO - Step 6 - Creating PDF
2024-11-15 22:16:55,657 - INFO - Step 7 - Adding PDF metadata
2024-11-15 22:17:07,668 - INFO - Step 1 - Fetching and parsing HTML - HTML string
2024-11-15 22:17:07,685 - INFO - Step 2 - Fetching and parsing CSS - CSS string
2024-11-15 22:17:07,746 - INFO - Step 3 - Applying CSS
2024-11-15 22:17:07,749 - INFO - Step 4 - Creating formatting structure
2024-11-15 22:17:07,755 - INFO - Step 5 - Creating layout - Page 1
2024-11-15 22:17:09,401 - INFO - Step 6 - Creating PDF
2024-11-15 22:17:09,429 - INFO - Step 7 - Adding PDF metadata
2024-11-15 22:17:59,981 - INFO - Step 1 - Fetching and parsing HTML - HTML string
2024-11-15 22:17:59,997 - INFO - Step 2 - Fetching and parsing CSS - CSS string
2024-11-15 22:18:00,072 - INFO - Step 3 - Applying CSS
2024-11-15 22:18:00,076 - INFO - Step 4 - Creating formatting structure
2024-11-15 22:18:00,085 - INFO - Step 5 - Creating layout - Page 1
2024-11-15 22:18:01,747 - INFO - Step 6 - Creating PDF
2024-11-15 22:18:01,782 - INFO - Step 7 - Adding PDF metadata
2024-11-15 22:18:16,373 - INFO - Step 1 - Fetching and parsing HTML - HTML string
2024-11-15 22:18:16,390 - INFO - Step 2 - Fetching and parsing CSS - CSS string
2024-11-15 22:18:16,449 - INFO - Step 3 - Applying CSS
2024-11-15 22:18:16,453 - INFO - Step 4 - Creating formatting structure
2024-11-15 22:18:16,459 - INFO - Step 5 - Creating layout - Page 1
2024-11-15 22:18:18,058 - INFO - Step 6 - Creating PDF
2024-11-15 22:18:18,088 - INFO - Step 7 - Adding PDF metadata
2024-11-15 22:18:42,195 - INFO - Step 1 - Fetching and parsing HTML - HTML string
2024-11-15 22:18:42,217 - INFO - Step 2 - Fetching and parsing CSS - CSS string
2024-11-15 22:18:42,279 - INFO - Step 3 - Applying CSS
2024-11-15 22:18:42,282 - INFO - Step 4 - Creating formatting structure
2024-11-15 22:18:42,293 - INFO - Step 5 - Creating layout - Page 1
2024-11-15 22:18:43,870 - INFO - Step 6 - Creating PDF
2024-11-15 22:18:43,902 - INFO - Step 7 - Adding PDF metadata
2024-11-15 22:19:28,321 - INFO - Step 1 - Fetching and parsing HTML - HTML string
2024-11-15 22:19:28,345 - INFO - Step 2 - Fetching and parsing CSS - CSS string
2024-11-15 22:19:28,414 - INFO - Step 3 - Applying CSS
2024-11-15 22:19:28,419 - INFO - Step 4 - Creating formatting structure
2024-11-15 22:19:28,429 - INFO - Step 5 - Creating layout - Page 1
2024-11-15 22:19:30,153 - INFO - Step 6 - Creating PDF
2024-11-15 22:19:30,182 - INFO - Step 7 - Adding PDF metadata
2024-11-15 22:20:04,084 - INFO - Step 1 - Fetching and parsing HTML - HTML string
2024-11-15 22:20:04,115 - INFO - Step 2 - Fetching and parsing CSS - CSS string
2024-11-15 22:20:04,234 - INFO - Step 3 - Applying CSS
2024-11-15 22:20:04,238 - INFO - Step 4 - Creating formatting structure
2024-11-15 22:20:04,250 - INFO - Step 5 - Creating layout - Page 1
2024-11-15 22:20:06,134 - INFO - Step 6 - Creating PDF
2024-11-15 22:20:06,168 - INFO - Step 7 - Adding PDF metadata
2024-11-15 22:20:43,414 - INFO - Step 1 - Fetching and parsing HTML - HTML string
2024-11-15 22:20:43,431 - INFO - Step 2 - Fetching and parsing CSS - CSS string
2024-11-15 22:20:43,493 - INFO - Step 3 - Applying CSS
2024-11-15 22:20:43,496 - INFO - Step 4 - Creating formatting structure
2024-11-15 22:20:43,503 - INFO - Step 5 - Creating layout - Page 1
2024-11-15 22:20:45,471 - INFO - Step 6 - Creating PDF
2024-11-15 22:20:45,500 - INFO - Step 7 - Adding PDF metadata
2024-11-15 22:21:10,897 - INFO - Step 1 - Fetching and parsing HTML - HTML string
2024-11-15 22:21:10,913 - INFO - Step 2 - Fetching and parsing CSS - CSS string
2024-11-15 22:21:10,976 - INFO - Step 3 - Applying CSS
2024-11-15 22:21:10,979 - INFO - Step 4 - Creating formatting structure
2024-11-15 22:21:10,988 - INFO - Step 5 - Creating layout - Page 1
2024-11-15 22:21:12,880 - INFO - Step 6 - Creating PDF
2024-11-15 22:21:12,910 - INFO - Step 7 - Adding PDF metadata
2024-11-15 22:21:27,423 - INFO - Step 1 - Fetching and parsing HTML - HTML string
2024-11-15 22:21:27,439 - INFO - Step 2 - Fetching and parsing CSS - CSS string
2024-11-15 22:21:27,497 - INFO - Step 3 - Applying CSS
2024-11-15 22:21:27,500 - INFO - Step 4 - Creating formatting structure
2024-11-15 22:21:27,506 - INFO - Step 5 - Creating layout - Page 1
2024-11-15 22:21:29,320 - INFO - Step 6 - Creating PDF
2024-11-15 22:21:29,349 - INFO - Step 7 - Adding PDF metadata
2024-11-15 22:21:48,922 - INFO - Step 1 - Fetching and parsing HTML - HTML string
2024-11-15 22:21:48,951 - INFO - Step 2 - Fetching and parsing CSS - CSS string
2024-11-15 22:21:49,011 - INFO - Step 3 - Applying CSS
2024-11-15 22:21:49,014 - INFO - Step 4 - Creating formatting structure
2024-11-15 22:21:49,021 - INFO - Step 5 - Creating layout - Page 1
2024-11-15 22:21:50,741 - INFO - Step 6 - Creating PDF
2024-11-15 22:21:50,771 - INFO - Step 7 - Adding PDF metadata
2024-11-15 22:22:02,222 - INFO - Step 1 - Fetching and parsing HTML - HTML string
2024-11-15 22:22:02,239 - INFO - Step 2 - Fetching and parsing CSS - CSS string
2024-11-15 22:22:02,296 - INFO - Step 3 - Applying CSS
2024-11-15 22:22:02,299 - INFO - Step 4 - Creating formatting structure
2024-11-15 22:22:02,306 - INFO - Step 5 - Creating layout - Page 1
2024-11-15 22:22:04,222 - INFO - Step 6 - Creating PDF
2024-11-15 22:22:04,252 - INFO - Step 7 - Adding PDF metadata
2024-11-15 22:22:44,322 - INFO - Step 1 - Fetching and parsing HTML - HTML string
2024-11-15 22:22:44,340 - INFO - Step 2 - Fetching and parsing CSS - CSS string
2024-11-15 22:22:44,394 - INFO - Step 3 - Applying CSS
2024-11-15 22:22:44,397 - INFO - Step 4 - Creating formatting structure
2024-11-15 22:22:44,404 - INFO - Step 5 - Creating layout - Page 1
2024-11-15 22:22:46,307 - INFO - Step 6 - Creating PDF
2024-11-15 22:22:46,336 - INFO - Step 7 - Adding PDF metadata
2024-11-15 22:23:19,573 - INFO - Step 1 - Fetching and parsing HTML - HTML string
2024-11-15 22:23:19,594 - INFO - Step 2 - Fetching and parsing CSS - CSS string
2024-11-15 22:23:19,647 - INFO - Step 3 - Applying CSS
2024-11-15 22:23:19,648 - INFO - Step 4 - Creating formatting structure
2024-11-15 22:23:19,654 - INFO - Step 5 - Creating layout - Page 1
2024-11-15 22:23:21,358 - INFO - Step 6 - Creating PDF
2024-11-15 22:23:21,387 - INFO - Step 7 - Adding PDF metadata
2024-11-15 22:23:56,420 - INFO - Step 1 - Fetching and parsing HTML - HTML string
2024-11-15 22:23:56,443 - INFO - Step 2 - Fetching and parsing CSS - CSS string
2024-11-15 22:23:56,502 - INFO - Step 3 - Applying CSS
2024-11-15 22:23:56,505 - INFO - Step 4 - Creating formatting structure
2024-11-15 22:23:56,515 - INFO - Step 5 - Creating layout - Page 1
2024-11-15 22:23:58,369 - INFO - Step 6 - Creating PDF
2024-11-15 22:23:58,400 - INFO - Step 7 - Adding PDF metadata
2024-11-15 22:26:11,988 - INFO - Step 1 - Fetching and parsing HTML - HTML string
2024-11-15 22:26:12,021 - INFO - Step 2 - Fetching and parsing CSS - CSS string
2024-11-15 22:26:12,092 - ERROR - Relative URI reference without a base URI: <link href="style.css">
2024-11-15 22:26:12,092 - INFO - Step 3 - Applying CSS
2024-11-15 22:26:12,094 - INFO - Step 4 - Creating formatting structure
2024-11-15 22:26:12,100 - INFO - Step 5 - Creating layout - Page 1
2024-11-15 22:26:13,918 - INFO - Step 6 - Creating PDF
2024-11-15 22:26:13,947 - INFO - Step 7 - Adding PDF metadata
2024-11-15 22:26:53,691 - INFO - Step 1 - Fetching and parsing HTML - HTML string
2024-11-15 22:26:53,720 - INFO - Step 2 - Fetching and parsing CSS - CSS string
2024-11-15 22:26:53,789 - INFO - Step 3 - Applying CSS
2024-11-15 22:26:53,792 - INFO - Step 4 - Creating formatting structure
2024-11-15 22:26:53,802 - INFO - Step 5 - Creating layout - Page 1
2024-11-15 22:26:56,274 - INFO - Step 6 - Creating PDF
2024-11-15 22:26:56,362 - INFO - Step 7 - Adding PDF metadata
2024-11-15 22:27:27,054 - INFO - Step 1 - Fetching and parsing HTML - HTML string
2024-11-15 22:27:27,076 - INFO - Step 2 - Fetching and parsing CSS - CSS string
2024-11-15 22:27:27,140 - INFO - Step 3 - Applying CSS
2024-11-15 22:27:27,142 - INFO - Step 4 - Creating formatting structure
2024-11-15 22:27:27,151 - INFO - Step 5 - Creating layout - Page 1
2024-11-15 22:27:29,299 - INFO - Step 6 - Creating PDF
2024-11-15 22:27:29,331 - INFO - Step 7 - Adding PDF metadata
2024-11-15 22:27:50,456 - INFO - Step 1 - Fetching and parsing HTML - HTML string
2024-11-15 22:27:50,479 - INFO - Step 2 - Fetching and parsing CSS - CSS string
2024-11-15 22:27:50,538 - INFO - Step 3 - Applying CSS
2024-11-15 22:27:50,541 - INFO - Step 4 - Creating formatting structure
2024-11-15 22:27:50,551 - INFO - Step 5 - Creating layout - Page 1
2024-11-15 22:27:52,360 - INFO - Step 6 - Creating PDF
2024-11-15 22:27:52,389 - INFO - Step 7 - Adding PDF metadata
2024-11-15 22:28:09,226 - INFO - Step 1 - Fetching and parsing HTML - HTML string
2024-11-15 22:28:09,244 - INFO - Step 2 - Fetching and parsing CSS - CSS string
2024-11-15 22:28:09,302 - INFO - Step 3 - Applying CSS
2024-11-15 22:28:09,303 - INFO - Step 4 - Creating formatting structure
2024-11-15 22:28:09,310 - INFO - Step 5 - Creating layout - Page 1
2024-11-15 22:28:11,184 - INFO - Step 6 - Creating PDF
2024-11-15 22:28:11,223 - INFO - Step 7 - Adding PDF metadata
2024-11-15 22:28:24,448 - INFO - Step 1 - Fetching and parsing HTML - HTML string
2024-11-15 22:28:24,468 - INFO - Step 2 - Fetching and parsing CSS - CSS string
2024-11-15 22:28:24,525 - INFO - Step 3 - Applying CSS
2024-11-15 22:28:24,528 - INFO - Step 4 - Creating formatting structure
2024-11-15 22:28:24,537 - INFO - Step 5 - Creating layout - Page 1
2024-11-15 22:28:26,506 - INFO - Step 6 - Creating PDF
2024-11-15 22:28:26,535 - INFO - Step 7 - Adding PDF metadata
2024-11-15 22:28:40,600 - INFO - Step 1 - Fetching and parsing HTML - HTML string
2024-11-15 22:28:40,618 - INFO - Step 2 - Fetching and parsing CSS - CSS string
2024-11-15 22:28:40,683 - INFO - Step 3 - Applying CSS
2024-11-15 22:28:40,686 - INFO - Step 4 - Creating formatting structure
2024-11-15 22:28:40,696 - INFO - Step 5 - Creating layout - Page 1
2024-11-15 22:28:42,777 - INFO - Step 6 - Creating PDF
2024-11-15 22:28:42,865 - INFO - Step 7 - Adding PDF metadata
2024-11-15 22:28:58,669 - INFO - Step 1 - Fetching and parsing HTML - HTML string
2024-11-15 22:28:58,705 - INFO - Step 2 - Fetching and parsing CSS - CSS string
2024-11-15 22:28:58,798 - INFO - Step 3 - Applying CSS
2024-11-15 22:28:58,800 - INFO - Step 4 - Creating formatting structure
2024-11-15 22:28:58,806 - INFO - Step 5 - Creating layout - Page 1
2024-11-15 22:29:00,539 - INFO - Step 6 - Creating PDF
2024-11-15 22:29:00,573 - INFO - Step 7 - Adding PDF metadata
2024-11-15 22:29:24,749 - INFO - Step 1 - Fetching and parsing HTML - HTML string
2024-11-15 22:29:24,767 - INFO - Step 2 - Fetching and parsing CSS - CSS string
2024-11-15 22:29:24,831 - INFO - Step 3 - Applying CSS
2024-11-15 22:29:24,834 - INFO - Step 4 - Creating formatting structure
2024-11-15 22:29:24,844 - INFO - Step 5 - Creating layout - Page 1
2024-11-15 22:29:26,593 - INFO - Step 6 - Creating PDF
2024-11-15 22:29:26,632 - INFO - Step 7 - Adding PDF metadata
2024-11-15 22:29:42,647 - INFO - Step 1 - Fetching and parsing HTML - HTML string
2024-11-15 22:29:42,671 - INFO - Step 2 - Fetching and parsing CSS - CSS string
2024-11-15 22:29:42,738 - INFO - Step 3 - Applying CSS
2024-11-15 22:29:42,741 - INFO - Step 4 - Creating formatting structure
2024-11-15 22:29:42,748 - INFO - Step 5 - Creating layout - Page 1
2024-11-15 22:29:44,374 - INFO - Step 6 - Creating PDF
2024-11-15 22:29:44,403 - INFO - Step 7 - Adding PDF metadata
2024-11-15 22:29:58,477 - INFO - Step 1 - Fetching and parsing HTML - HTML string
2024-11-15 22:29:58,503 - INFO - Step 2 - Fetching and parsing CSS - CSS string
2024-11-15 22:29:58,566 - INFO - Step 3 - Applying CSS
2024-11-15 22:29:58,569 - INFO - Step 4 - Creating formatting structure
2024-11-15 22:29:58,577 - INFO - Step 5 - Creating layout - Page 1
2024-11-15 22:30:00,437 - INFO - Step 6 - Creating PDF
2024-11-15 22:30:00,468 - INFO - Step 7 - Adding PDF metadata
2024-11-15 22:32:26,315 - INFO - Step 1 - Fetching and parsing HTML - HTML string
2024-11-15 22:32:26,338 - INFO - Step 2 - Fetching and parsing CSS - CSS string
2024-11-15 22:32:26,414 - INFO - Step 3 - Applying CSS
2024-11-15 22:32:26,416 - INFO - Step 4 - Creating formatting structure
2024-11-15 22:32:26,425 - INFO - Step 5 - Creating layout - Page 1
2024-11-15 22:32:27,986 - INFO - Step 6 - Creating PDF
2024-11-15 22:32:28,030 - INFO - Step 7 - Adding PDF metadata
2024-11-15 22:33:25,381 - INFO - Step 1 - Fetching and parsing HTML - HTML string
2024-11-15 22:33:25,404 - INFO - Step 2 - Fetching and parsing CSS - CSS string
2024-11-15 22:33:25,486 - INFO - Step 3 - Applying CSS
2024-11-15 22:33:25,489 - INFO - Step 4 - Creating formatting structure
2024-11-15 22:33:25,497 - INFO - Step 5 - Creating layout - Page 1
2024-11-15 22:33:27,092 - INFO - Step 6 - Creating PDF
2024-11-15 22:33:27,125 - INFO - Step 7 - Adding PDF metadata
2024-11-15 22:33:48,066 - INFO - Step 1 - Fetching and parsing HTML - HTML string
2024-11-15 22:33:48,086 - INFO - Step 2 - Fetching and parsing CSS - CSS string
2024-11-15 22:33:48,163 - INFO - Step 3 - Applying CSS
2024-11-15 22:33:48,166 - INFO - Step 4 - Creating formatting structure
2024-11-15 22:33:48,173 - INFO - Step 5 - Creating layout - Page 1
2024-11-15 22:33:49,833 - INFO - Step 6 - Creating PDF
2024-11-15 22:33:49,892 - INFO - Step 7 - Adding PDF metadata
2024-11-15 22:34:32,689 - INFO - Step 1 - Fetching and parsing HTML - HTML string
2024-11-15 22:34:32,742 - INFO - Step 2 - Fetching and parsing CSS - CSS string
2024-11-15 22:34:32,884 - INFO - Step 3 - Applying CSS
2024-11-15 22:34:32,888 - INFO - Step 4 - Creating formatting structure
2024-11-15 22:34:32,900 - INFO - Step 5 - Creating layout - Page 1
2024-11-15 22:34:34,514 - INFO - Step 6 - Creating PDF
2024-11-15 22:34:34,574 - INFO - Step 7 - Adding PDF metadata
2024-11-15 22:35:30,131 - INFO - Step 1 - Fetching and parsing HTML - HTML string
2024-11-15 22:35:30,147 - INFO - Step 2 - Fetching and parsing CSS - CSS string
2024-11-15 22:35:30,217 - INFO - Step 3 - Applying CSS
2024-11-15 22:35:30,220 - INFO - Step 4 - Creating formatting structure
2024-11-15 22:35:30,228 - INFO - Step 5 - Creating layout - Page 1
2024-11-15 22:35:31,839 - INFO - Step 6 - Creating PDF
2024-11-15 22:35:31,900 - INFO - Step 7 - Adding PDF metadata
2024-11-15 22:37:26,530 - INFO - Step 1 - Fetching and parsing HTML - HTML string
2024-11-15 22:37:26,547 - INFO - Step 2 - Fetching and parsing CSS - CSS string
2024-11-15 22:37:26,616 - INFO - Step 3 - Applying CSS
2024-11-15 22:37:26,619 - INFO - Step 4 - Creating formatting structure
2024-11-15 22:37:26,626 - INFO - Step 5 - Creating layout - Page 1
2024-11-15 22:37:28,281 - INFO - Step 6 - Creating PDF
2024-11-15 22:37:28,334 - INFO - Step 7 - Adding PDF metadata
2024-11-15 22:38:10,085 - INFO - Step 1 - Fetching and parsing HTML - HTML string
2024-11-15 22:38:10,105 - INFO - Step 2 - Fetching and parsing CSS - CSS string
2024-11-15 22:38:10,161 - INFO - Step 3 - Applying CSS
2024-11-15 22:38:10,164 - INFO - Step 4 - Creating formatting structure
2024-11-15 22:38:10,171 - INFO - Step 5 - Creating layout - Page 1
2024-11-15 22:38:11,852 - INFO - Step 6 - Creating PDF
2024-11-15 22:38:11,907 - INFO - Step 7 - Adding PDF metadata
2024-11-15 22:38:37,741 - INFO - Step 1 - Fetching and parsing HTML - HTML string
2024-11-15 22:38:37,756 - INFO - Step 2 - Fetching and parsing CSS - CSS string
2024-11-15 22:38:37,817 - INFO - Step 3 - Applying CSS
2024-11-15 22:38:37,820 - INFO - Step 4 - Creating formatting structure
2024-11-15 22:38:37,829 - INFO - Step 5 - Creating layout - Page 1
2024-11-15 22:38:39,244 - INFO - Step 6 - Creating PDF
2024-11-15 22:38:39,306 - INFO - Step 7 - Adding PDF metadata
2024-11-15 22:39:10,109 - INFO - Step 1 - Fetching and parsing HTML - HTML string
2024-11-15 22:39:10,129 - INFO - Step 2 - Fetching and parsing CSS - CSS string
2024-11-15 22:39:10,200 - INFO - Step 3 - Applying CSS
2024-11-15 22:39:10,202 - INFO - Step 4 - Creating formatting structure
2024-11-15 22:39:10,210 - INFO - Step 5 - Creating layout - Page 1
2024-11-15 22:39:11,933 - INFO - Step 6 - Creating PDF
2024-11-15 22:39:11,988 - INFO - Step 7 - Adding PDF metadata
2024-11-15 22:39:22,854 - INFO - Step 1 - Fetching and parsing HTML - HTML string
2024-11-15 22:39:22,882 - INFO - Step 2 - Fetching and parsing CSS - CSS string
2024-11-15 22:39:22,946 - INFO - Step 3 - Applying CSS
2024-11-15 22:39:22,948 - INFO - Step 4 - Creating formatting structure
2024-11-15 22:39:22,955 - INFO - Step 5 - Creating layout - Page 1
2024-11-15 22:39:24,465 - INFO - Step 6 - Creating PDF
2024-11-15 22:39:24,524 - INFO - Step 7 - Adding PDF metadata
2024-11-15 22:40:31,287 - INFO - Step 1 - Fetching and parsing HTML - HTML string
2024-11-15 22:40:31,303 - INFO - Step 2 - Fetching and parsing CSS - CSS string
2024-11-15 22:40:31,374 - INFO - Step 3 - Applying CSS
2024-11-15 22:40:31,377 - INFO - Step 4 - Creating formatting structure
2024-11-15 22:40:31,385 - INFO - Step 5 - Creating layout - Page 1
2024-11-15 22:40:32,930 - INFO - Step 6 - Creating PDF
2024-11-15 22:40:32,973 - INFO - Step 7 - Adding PDF metadata
2024-11-15 22:41:53,153 - INFO - Step 1 - Fetching and parsing HTML - HTML string
2024-11-15 22:41:53,176 - INFO - Step 2 - Fetching and parsing CSS - CSS string
2024-11-15 22:41:53,242 - INFO - Step 3 - Applying CSS
2024-11-15 22:41:53,244 - INFO - Step 4 - Creating formatting structure
2024-11-15 22:41:53,251 - INFO - Step 5 - Creating layout - Page 1
2024-11-15 22:41:54,815 - INFO - Step 6 - Creating PDF
2024-11-15 22:41:54,881 - INFO - Step 7 - Adding PDF metadata
2024-11-15 22:42:42,949 - INFO - Step 1 - Fetching and parsing HTML - HTML string
2024-11-15 22:42:42,968 - INFO - Step 2 - Fetching and parsing CSS - CSS string
2024-11-15 22:42:43,034 - INFO - Step 3 - Applying CSS
2024-11-15 22:42:43,036 - INFO - Step 4 - Creating formatting structure
2024-11-15 22:42:43,045 - INFO - Step 5 - Creating layout - Page 1
2024-11-15 22:42:44,537 - INFO - Step 6 - Creating PDF
2024-11-15 22:42:44,595 - INFO - Step 7 - Adding PDF metadata
2024-11-15 22:43:59,367 - INFO - Step 1 - Fetching and parsing HTML - HTML string
2024-11-15 22:43:59,383 - INFO - Step 2 - Fetching and parsing CSS - CSS string
2024-11-15 22:43:59,451 - INFO - Step 3 - Applying CSS
2024-11-15 22:43:59,454 - INFO - Step 4 - Creating formatting structure
2024-11-15 22:43:59,463 - INFO - Step 5 - Creating layout - Page 1
2024-11-15 22:44:01,175 - INFO - Step 6 - Creating PDF
2024-11-15 22:44:01,223 - INFO - Step 7 - Adding PDF metadata
2024-11-15 22:44:29,266 - INFO - Step 1 - Fetching and parsing HTML - HTML string
2024-11-15 22:44:29,284 - INFO - Step 2 - Fetching and parsing CSS - CSS string
2024-11-15 22:44:29,353 - INFO - Step 3 - Applying CSS
2024-11-15 22:44:29,357 - INFO - Step 4 - Creating formatting structure
2024-11-15 22:44:29,366 - INFO - Step 5 - Creating layout - Page 1
2024-11-15 22:44:31,036 - INFO - Step 6 - Creating PDF
2024-11-15 22:44:31,069 - INFO - Step 7 - Adding PDF metadata
2024-11-15 22:45:09,223 - INFO - Step 1 - Fetching and parsing HTML - HTML string
2024-11-15 22:45:09,246 - INFO - Step 2 - Fetching and parsing CSS - CSS string
2024-11-15 22:45:09,331 - INFO - Step 3 - Applying CSS
2024-11-15 22:45:09,334 - INFO - Step 4 - Creating formatting structure
2024-11-15 22:45:09,346 - INFO - Step 5 - Creating layout - Page 1
2024-11-15 22:45:11,048 - INFO - Step 6 - Creating PDF
2024-11-15 22:45:11,101 - INFO - Step 7 - Adding PDF metadata
2024-11-15 22:45:40,972 - INFO - Step 1 - Fetching and parsing HTML - HTML string
2024-11-15 22:45:40,992 - INFO - Step 2 - Fetching and parsing CSS - CSS string
2024-11-15 22:45:41,060 - INFO - Step 3 - Applying CSS
2024-11-15 22:45:41,063 - INFO - Step 4 - Creating formatting structure
2024-11-15 22:45:41,071 - INFO - Step 5 - Creating layout - Page 1
2024-11-15 22:45:42,645 - INFO - Step 6 - Creating PDF
2024-11-15 22:45:42,701 - INFO - Step 7 - Adding PDF metadata
2024-11-15 22:46:37,312 - INFO - Step 1 - Fetching and parsing HTML - HTML string
2024-11-15 22:46:37,333 - INFO - Step 2 - Fetching and parsing CSS - CSS string
2024-11-15 22:46:37,396 - INFO - Step 3 - Applying CSS
2024-11-15 22:46:37,398 - INFO - Step 4 - Creating formatting structure
2024-11-15 22:46:37,407 - INFO - Step 5 - Creating layout - Page 1
2024-11-15 22:46:39,058 - INFO - Step 6 - Creating PDF
2024-11-15 22:46:39,125 - INFO - Step 7 - Adding PDF metadata
2024-11-15 22:46:50,465 - INFO - Step 1 - Fetching and parsing HTML - HTML string
2024-11-15 22:46:50,491 - INFO - Step 2 - Fetching and parsing CSS - CSS string
2024-11-15 22:46:50,560 - INFO - Step 3 - Applying CSS
2024-11-15 22:46:50,563 - INFO - Step 4 - Creating formatting structure
2024-11-15 22:46:50,573 - INFO - Step 5 - Creating layout - Page 1
2024-11-15 22:46:52,126 - INFO - Step 6 - Creating PDF
2024-11-15 22:46:52,185 - INFO - Step 7 - Adding PDF metadata
2024-11-15 23:01:57,017 - INFO - Step 1 - Fetching and parsing HTML - HTML string
2024-11-15 23:01:57,034 - INFO - Step 2 - Fetching and parsing CSS - CSS string
2024-11-15 23:01:57,105 - INFO - Step 3 - Applying CSS
2024-11-15 23:01:57,108 - INFO - Step 4 - Creating formatting structure
2024-11-15 23:01:57,117 - INFO - Step 5 - Creating layout - Page 1
2024-11-15 23:01:58,691 - INFO - Step 6 - Creating PDF
2024-11-15 23:01:58,749 - INFO - Step 7 - Adding PDF metadata
2024-11-15 23:07:42,760 - INFO - Step 1 - Fetching and parsing HTML - HTML string
2024-11-15 23:07:42,776 - INFO - Step 2 - Fetching and parsing CSS - CSS string
2024-11-15 23:07:42,842 - INFO - Step 3 - Applying CSS
2024-11-15 23:07:42,844 - INFO - Step 4 - Creating formatting structure
2024-11-15 23:07:42,844 - INFO - Step 5 - Creating layout - Page 1
2024-11-15 23:07:42,851 - INFO - Step 6 - Creating PDF
2024-11-15 23:07:42,864 - INFO - Step 7 - Adding PDF metadata
2024-11-15 23:08:09,548 - INFO - Step 1 - Fetching and parsing HTML - HTML string
2024-11-15 23:08:09,562 - INFO - Step 2 - Fetching and parsing CSS - CSS string
2024-11-15 23:08:09,633 - INFO - Step 3 - Applying CSS
2024-11-15 23:08:09,634 - INFO - Step 4 - Creating formatting structure
2024-11-15 23:08:09,635 - INFO - Step 5 - Creating layout - Page 1
2024-11-15 23:08:09,640 - INFO - Step 6 - Creating PDF
2024-11-15 23:08:09,653 - INFO - Step 7 - Adding PDF metadata
2024-11-15 23:09:33,856 - INFO - Step 1 - Fetching and parsing HTML - HTML string
2024-11-15 23:09:33,884 - INFO - Step 2 - Fetching and parsing CSS - CSS string
2024-11-15 23:09:33,948 - INFO - Step 3 - Applying CSS
2024-11-15 23:09:33,949 - INFO - Step 4 - Creating formatting structure
2024-11-15 23:09:33,950 - INFO - Step 5 - Creating layout - Page 1
2024-11-15 23:09:33,956 - INFO - Step 6 - Creating PDF
2024-11-15 23:09:33,971 - INFO - Step 7 - Adding PDF metadata
2024-11-15 23:09:50,246 - INFO - Step 1 - Fetching and parsing HTML - HTML string
2024-11-15 23:09:50,274 - INFO - Step 2 - Fetching and parsing CSS - CSS string
2024-11-15 23:09:50,333 - INFO - Step 3 - Applying CSS
2024-11-15 23:09:50,334 - INFO - Step 4 - Creating formatting structure
2024-11-15 23:09:50,335 - INFO - Step 5 - Creating layout - Page 1
2024-11-15 23:09:50,341 - INFO - Step 6 - Creating PDF
2024-11-15 23:09:50,355 - INFO - Step 7 - Adding PDF metadata
2024-11-15 23:10:28,408 - INFO - Step 1 - Fetching and parsing HTML - HTML string
2024-11-15 23:10:28,424 - INFO - Step 2 - Fetching and parsing CSS - CSS string
2024-11-15 23:10:28,500 - INFO - Step 3 - Applying CSS
2024-11-15 23:10:28,502 - INFO - Step 4 - Creating formatting structure
2024-11-15 23:10:28,503 - INFO - Step 5 - Creating layout - Page 1
2024-11-15 23:10:28,509 - INFO - Step 6 - Creating PDF
2024-11-15 23:10:28,525 - INFO - Step 7 - Adding PDF metadata
2024-11-15 23:10:43,276 - INFO - Step 1 - Fetching and parsing HTML - HTML string
2024-11-15 23:10:43,290 - INFO - Step 2 - Fetching and parsing CSS - CSS string
2024-11-15 23:10:43,350 - INFO - Step 3 - Applying CSS
2024-11-15 23:10:43,351 - INFO - Step 4 - Creating formatting structure
2024-11-15 23:10:43,351 - INFO - Step 5 - Creating layout - Page 1
2024-11-15 23:10:43,355 - INFO - Step 6 - Creating PDF
2024-11-15 23:10:43,370 - INFO - Step 7 - Adding PDF metadata
2024-11-15 23:11:01,993 - INFO - Step 1 - Fetching and parsing HTML - HTML string
2024-11-15 23:11:02,015 - INFO - Step 2 - Fetching and parsing CSS - CSS string
2024-11-15 23:11:02,089 - INFO - Step 3 - Applying CSS
2024-11-15 23:11:02,090 - INFO - Step 4 - Creating formatting structure
2024-11-15 23:11:02,090 - INFO - Step 5 - Creating layout - Page 1
2024-11-15 23:11:02,094 - INFO - Step 6 - Creating PDF
2024-11-15 23:11:02,131 - INFO - Step 7 - Adding PDF metadata
2024-11-15 23:12:53,157 - INFO - Step 1 - Fetching and parsing HTML - HTML string
2024-11-15 23:12:53,183 - INFO - Step 2 - Fetching and parsing CSS - CSS string
2024-11-15 23:12:53,252 - INFO - Step 3 - Applying CSS
2024-11-15 23:12:53,253 - INFO - Step 4 - Creating formatting structure
2024-11-15 23:12:53,263 - INFO - Step 5 - Creating layout - Page 1
2024-11-15 23:12:55,080 - INFO - Step 6 - Creating PDF
2024-11-15 23:12:55,156 - INFO - Step 7 - Adding PDF metadata
2024-11-15 23:13:13,787 - INFO - Step 1 - Fetching and parsing HTML - HTML string
2024-11-15 23:13:13,802 - INFO - Step 2 - Fetching and parsing CSS - CSS string
2024-11-15 23:13:13,861 - INFO - Step 3 - Applying CSS
2024-11-15 23:13:13,863 - INFO - Step 4 - Creating formatting structure
2024-11-15 23:13:13,870 - INFO - Step 5 - Creating layout - Page 1
2024-11-15 23:13:15,290 - INFO - Step 6 - Creating PDF
2024-11-15 23:13:15,362 - INFO - Step 7 - Adding PDF metadata
2024-11-15 23:14:22,239 - INFO - Step 1 - Fetching and parsing HTML - HTML string
2024-11-15 23:14:22,263 - INFO - Step 2 - Fetching and parsing CSS - CSS string
2024-11-15 23:14:22,331 - INFO - Step 3 - Applying CSS
2024-11-15 23:14:22,334 - INFO - Step 4 - Creating formatting structure
2024-11-15 23:14:22,344 - INFO - Step 5 - Creating layout - Page 1
2024-11-15 23:14:23,843 - INFO - Step 6 - Creating PDF
2024-11-15 23:14:23,884 - INFO - Step 7 - Adding PDF metadata
2024-11-15 23:14:53,264 - INFO - Step 1 - Fetching and parsing HTML - HTML string
2024-11-15 23:14:53,285 - INFO - Step 2 - Fetching and parsing CSS - CSS string
2024-11-15 23:14:53,349 - INFO - Step 3 - Applying CSS
2024-11-15 23:14:53,352 - INFO - Step 4 - Creating formatting structure
2024-11-15 23:14:53,361 - INFO - Step 5 - Creating layout - Page 1
2024-11-15 23:14:54,874 - INFO - Step 6 - Creating PDF
2024-11-15 23:14:54,944 - INFO - Step 7 - Adding PDF metadata
2024-11-15 23:15:40,567 - INFO - Step 1 - Fetching and parsing HTML - HTML string
2024-11-15 23:15:40,590 - INFO - Step 2 - Fetching and parsing CSS - CSS string
2024-11-15 23:15:40,664 - INFO - Step 3 - Applying CSS
2024-11-15 23:15:40,667 - INFO - Step 4 - Creating formatting structure
2024-11-15 23:15:40,676 - INFO - Step 5 - Creating layout - Page 1
2024-11-15 23:15:42,662 - INFO - Step 6 - Creating PDF
2024-11-15 23:15:42,701 - INFO - Step 7 - Adding PDF metadata
2024-11-15 23:27:03,507 - INFO - Step 1 - Fetching and parsing HTML - HTML string
2024-11-15 23:27:03,527 - INFO - Step 2 - Fetching and parsing CSS - CSS string
2024-11-15 23:27:03,595 - INFO - Step 3 - Applying CSS
2024-11-15 23:27:03,600 - INFO - Step 4 - Creating formatting structure
2024-11-15 23:27:03,611 - INFO - Step 5 - Creating layout - Page 1
2024-11-15 23:27:05,279 - INFO - Step 6 - Creating PDF
2024-11-15 23:27:05,330 - INFO - Step 7 - Adding PDF metadata
2024-11-15 23:27:35,783 - INFO - Step 1 - Fetching and parsing HTML - HTML string
2024-11-15 23:27:35,810 - INFO - Step 2 - Fetching and parsing CSS - CSS string
2024-11-15 23:27:35,868 - INFO - Step 3 - Applying CSS
2024-11-15 23:27:35,870 - INFO - Step 4 - Creating formatting structure
2024-11-15 23:27:35,878 - INFO - Step 5 - Creating layout - Page 1
2024-11-15 23:27:37,631 - INFO - Step 6 - Creating PDF
2024-11-15 23:27:37,695 - INFO - Step 7 - Adding PDF metadata
2024-11-15 23:29:21,024 - INFO - Step 1 - Fetching and parsing HTML - HTML string
2024-11-15 23:29:21,044 - INFO - Step 2 - Fetching and parsing CSS - CSS string
2024-11-15 23:29:21,108 - INFO - Step 3 - Applying CSS
2024-11-15 23:29:21,111 - INFO - Step 4 - Creating formatting structure
2024-11-15 23:29:21,121 - INFO - Step 5 - Creating layout - Page 1
2024-11-15 23:29:22,721 - INFO - Step 6 - Creating PDF
2024-11-15 23:29:22,793 - INFO - Step 7 - Adding PDF metadata
2024-11-15 23:30:07,493 - INFO - Step 1 - Fetching and parsing HTML - HTML string
2024-11-15 23:30:07,514 - INFO - Step 2 - Fetching and parsing CSS - CSS string
2024-11-15 23:30:07,584 - INFO - Step 3 - Applying CSS
2024-11-15 23:30:07,587 - INFO - Step 4 - Creating formatting structure
2024-11-15 23:30:07,596 - INFO - Step 5 - Creating layout - Page 1
2024-11-15 23:30:09,435 - INFO - Step 6 - Creating PDF
2024-11-15 23:30:09,483 - INFO - Step 7 - Adding PDF metadata
2024-11-15 23:49:05,749 - INFO - Step 1 - Fetching and parsing HTML - HTML string
2024-11-15 23:49:05,775 - INFO - Step 2 - Fetching and parsing CSS - CSS string
2024-11-15 23:49:05,848 - INFO - Step 3 - Applying CSS
2024-11-15 23:49:05,850 - INFO - Step 4 - Creating formatting structure
2024-11-15 23:49:05,862 - INFO - Step 5 - Creating layout - Page 1
2024-11-15 23:49:07,481 - INFO - Step 6 - Creating PDF
2024-11-15 23:49:07,562 - INFO - Step 7 - Adding PDF metadata
2024-11-15 23:53:14,636 - INFO - Step 1 - Fetching and parsing HTML - HTML string
2024-11-15 23:53:14,660 - INFO - Step 2 - Fetching and parsing CSS - CSS string
2024-11-15 23:53:14,721 - INFO - Step 2 - Fetching and parsing CSS - CSS string
2024-11-15 23:53:14,723 - INFO - Step 3 - Applying CSS
2024-11-15 23:53:14,729 - INFO - Step 4 - Creating formatting structure
2024-11-15 23:53:14,738 - INFO - Step 5 - Creating layout - Page 1
2024-11-15 23:53:16,439 - INFO - Step 6 - Creating PDF
2024-11-15 23:53:16,498 - INFO - Step 7 - Adding PDF metadata
2024-11-15 23:55:08,283 - INFO - Step 1 - Fetching and parsing HTML - HTML string
2024-11-15 23:55:08,312 - INFO - Step 2 - Fetching and parsing CSS - CSS string
2024-11-15 23:55:08,381 - INFO - Step 2 - Fetching and parsing CSS - CSS string
2024-11-15 23:55:08,382 - INFO - Step 3 - Applying CSS
2024-11-15 23:55:08,391 - INFO - Step 4 - Creating formatting structure
2024-11-15 23:55:08,400 - INFO - Step 5 - Creating layout - Page 1
2024-11-15 23:55:10,418 - INFO - Step 6 - Creating PDF
2024-11-15 23:55:10,454 - INFO - Step 7 - Adding PDF metadata
2024-11-15 23:57:23,583 - INFO - Step 1 - Fetching and parsing HTML - HTML string
2024-11-15 23:57:23,607 - INFO - Step 2 - Fetching and parsing CSS - CSS string
2024-11-15 23:57:23,675 - INFO - Step 3 - Applying CSS
2024-11-15 23:57:23,679 - INFO - Step 4 - Creating formatting structure
2024-11-15 23:57:23,691 - INFO - Step 5 - Creating layout - Page 1
2024-11-15 23:57:26,273 - INFO - Step 6 - Creating PDF
2024-11-15 23:57:26,315 - INFO - Step 7 - Adding PDF metadata
2024-11-16 00:00:46,206 - INFO - Step 1 - Fetching and parsing HTML - HTML string
2024-11-16 00:00:46,225 - INFO - Step 2 - Fetching and parsing CSS - CSS string
2024-11-16 00:00:46,306 - INFO - Step 3 - Applying CSS
2024-11-16 00:00:46,313 - INFO - Step 4 - Creating formatting structure
2024-11-16 00:00:46,322 - INFO - Step 5 - Creating layout - Page 1
2024-11-16 00:00:48,237 - INFO - Step 6 - Creating PDF
2024-11-16 00:00:48,277 - INFO - Step 7 - Adding PDF metadata
2024-11-16 00:01:15,265 - INFO - Step 1 - Fetching and parsing HTML - HTML string
2024-11-16 00:01:15,290 - INFO - Step 2 - Fetching and parsing CSS - CSS string
2024-11-16 00:01:15,357 - INFO - Step 3 - Applying CSS
2024-11-16 00:01:15,363 - INFO - Step 4 - Creating formatting structure
2024-11-16 00:01:15,371 - INFO - Step 5 - Creating layout - Page 1
2024-11-16 00:01:17,191 - INFO - Step 6 - Creating PDF
2024-11-16 00:01:17,235 - INFO - Step 7 - Adding PDF metadata
2024-11-16 00:01:49,805 - INFO - Step 1 - Fetching and parsing HTML - HTML string
2024-11-16 00:01:49,827 - INFO - Step 2 - Fetching and parsing CSS - CSS string
2024-11-16 00:01:49,908 - INFO - Step 3 - Applying CSS
2024-11-16 00:01:49,912 - INFO - Step 4 - Creating formatting structure
2024-11-16 00:01:49,928 - INFO - Step 5 - Creating layout - Page 1
2024-11-16 00:01:51,987 - INFO - Step 6 - Creating PDF
2024-11-16 00:01:52,025 - INFO - Step 7 - Adding PDF metadata
2024-11-16 00:02:26,954 - INFO - Step 1 - Fetching and parsing HTML - HTML string
2024-11-16 00:02:26,972 - INFO - Step 2 - Fetching and parsing CSS - CSS string
2024-11-16 00:02:27,037 - INFO - Step 3 - Applying CSS
2024-11-16 00:02:27,043 - INFO - Step 4 - Creating formatting structure
2024-11-16 00:02:27,050 - INFO - Step 5 - Creating layout - Page 1
2024-11-16 00:02:29,000 - INFO - Step 6 - Creating PDF
2024-11-16 00:02:29,037 - INFO - Step 7 - Adding PDF metadata
2024-11-16 00:03:37,904 - INFO - Step 1 - Fetching and parsing HTML - HTML string
2024-11-16 00:03:37,921 - INFO - Step 2 - Fetching and parsing CSS - CSS string
2024-11-16 00:03:37,990 - INFO - Step 3 - Applying CSS
2024-11-16 00:03:37,997 - INFO - Step 4 - Creating formatting structure
2024-11-16 00:03:38,005 - INFO - Step 5 - Creating layout - Page 1
2024-11-16 00:03:39,709 - INFO - Step 6 - Creating PDF
2024-11-16 00:03:39,751 - INFO - Step 7 - Adding PDF metadata
2024-11-16 00:04:03,740 - INFO - Step 1 - Fetching and parsing HTML - HTML string
2024-11-16 00:04:03,764 - INFO - Step 2 - Fetching and parsing CSS - CSS string
2024-11-16 00:04:03,890 - INFO - Step 3 - Applying CSS
2024-11-16 00:04:03,895 - INFO - Step 4 - Creating formatting structure
2024-11-16 00:04:03,903 - INFO - Step 5 - Creating layout - Page 1
2024-11-16 00:04:05,863 - INFO - Step 6 - Creating PDF
2024-11-16 00:04:05,898 - INFO - Step 7 - Adding PDF metadata
2024-11-16 00:04:43,370 - INFO - Step 1 - Fetching and parsing HTML - HTML string
2024-11-16 00:04:43,390 - INFO - Step 2 - Fetching and parsing CSS - CSS string
2024-11-16 00:04:43,457 - INFO - Step 3 - Applying CSS
2024-11-16 00:04:43,462 - INFO - Step 4 - Creating formatting structure
2024-11-16 00:04:43,471 - INFO - Step 5 - Creating layout - Page 1
2024-11-16 00:04:45,459 - INFO - Step 6 - Creating PDF
2024-11-16 00:04:45,499 - INFO - Step 7 - Adding PDF metadata
2024-11-16 00:05:02,531 - INFO - Step 1 - Fetching and parsing HTML - HTML string
2024-11-16 00:05:02,553 - INFO - Step 2 - Fetching and parsing CSS - CSS string
2024-11-16 00:05:02,615 - INFO - Step 3 - Applying CSS
2024-11-16 00:05:02,622 - INFO - Step 4 - Creating formatting structure
2024-11-16 00:05:02,629 - INFO - Step 5 - Creating layout - Page 1
2024-11-16 00:05:04,553 - INFO - Step 6 - Creating PDF
2024-11-16 00:05:04,642 - INFO - Step 7 - Adding PDF metadata
2024-11-16 00:06:33,689 - INFO - Step 1 - Fetching and parsing HTML - HTML string
2024-11-16 00:06:33,712 - INFO - Step 2 - Fetching and parsing CSS - CSS string
2024-11-16 00:06:33,818 - INFO - Step 3 - Applying CSS
2024-11-16 00:06:33,824 - INFO - Step 4 - Creating formatting structure
2024-11-16 00:06:33,834 - INFO - Step 5 - Creating layout - Page 1
2024-11-16 00:06:35,976 - INFO - Step 6 - Creating PDF
2024-11-16 00:06:36,020 - INFO - Step 7 - Adding PDF metadata
2024-11-16 00:08:20,456 - INFO - Step 1 - Fetching and parsing HTML - HTML string
2024-11-16 00:08:20,475 - INFO - Step 2 - Fetching and parsing CSS - CSS string
2024-11-16 00:08:20,539 - INFO - Step 3 - Applying CSS
2024-11-16 00:08:20,543 - INFO - Step 4 - Creating formatting structure
2024-11-16 00:08:20,554 - INFO - Step 5 - Creating layout - Page 1
2024-11-16 00:08:22,371 - INFO - Step 6 - Creating PDF
2024-11-16 00:08:22,415 - INFO - Step 7 - Adding PDF metadata
2024-11-16 00:09:35,861 - INFO - Step 1 - Fetching and parsing HTML - HTML string
2024-11-16 00:09:35,879 - INFO - Step 2 - Fetching and parsing CSS - CSS string
2024-11-16 00:09:35,953 - INFO - Step 3 - Applying CSS
2024-11-16 00:09:35,958 - INFO - Step 4 - Creating formatting structure
2024-11-16 00:09:35,968 - INFO - Step 5 - Creating layout - Page 1
2024-11-16 00:09:37,819 - INFO - Step 6 - Creating PDF
2024-11-16 00:09:37,856 - INFO - Step 7 - Adding PDF metadata
2024-11-16 00:11:35,782 - INFO - Step 1 - Fetching and parsing HTML - HTML string
2024-11-16 00:11:35,800 - INFO - Step 2 - Fetching and parsing CSS - CSS string
2024-11-16 00:11:35,877 - INFO - Step 3 - Applying CSS
2024-11-16 00:11:35,882 - INFO - Step 4 - Creating formatting structure
2024-11-16 00:11:35,895 - INFO - Step 5 - Creating layout - Page 1
2024-11-16 00:11:37,704 - INFO - Step 6 - Creating PDF
2024-11-16 00:11:37,748 - INFO - Step 7 - Adding PDF metadata
2024-11-16 01:04:49,251 - INFO - Step 1 - Fetching and parsing HTML - HTML string
2024-11-16 01:04:49,267 - INFO - Step 2 - Fetching and parsing CSS - CSS string
2024-11-16 01:04:49,321 - INFO - Step 3 - Applying CSS
2024-11-16 01:04:49,324 - INFO - Step 4 - Creating formatting structure
2024-11-16 01:04:49,332 - INFO - Step 5 - Creating layout - Page 1
2024-11-16 01:04:50,562 - INFO - Step 6 - Creating PDF
2024-11-16 01:04:50,598 - INFO - Step 7 - Adding PDF metadata
2024-11-16 01:21:14,718 - INFO - Step 1 - Fetching and parsing HTML - HTML string
2024-11-16 01:21:14,733 - INFO - Step 2 - Fetching and parsing CSS - CSS string
2024-11-16 01:21:14,791 - INFO - Step 3 - Applying CSS
2024-11-16 01:21:14,793 - INFO - Step 4 - Creating formatting structure
2024-11-16 01:21:14,800 - INFO - Step 5 - Creating layout - Page 1
2024-11-16 01:21:15,998 - INFO - Step 6 - Creating PDF
2024-11-16 01:21:16,035 - INFO - Step 7 - Adding PDF metadata
2024-11-16 16:38:25,930 - INFO - Step 1 - Fetching and parsing HTML - HTML string
2024-11-16 16:38:25,968 - INFO - Step 2 - Fetching and parsing CSS - CSS string
2024-11-16 16:38:26,074 - INFO - Step 3 - Applying CSS
2024-11-16 16:38:26,081 - INFO - Step 4 - Creating formatting structure
2024-11-16 16:38:26,104 - INFO - Step 5 - Creating layout - Page 1
2024-11-16 16:38:30,088 - INFO - Step 6 - Creating PDF
2024-11-16 16:38:30,221 - INFO - Step 7 - Adding PDF metadata
2024-11-16 16:57:58,773 - INFO - Step 1 - Fetching and parsing HTML - HTML string
2024-11-16 16:57:58,791 - INFO - Step 2 - Fetching and parsing CSS - CSS string
2024-11-16 16:57:58,853 - INFO - Step 3 - Applying CSS
2024-11-16 16:57:58,860 - INFO - Step 4 - Creating formatting structure
2024-11-16 16:57:58,875 - INFO - Step 5 - Creating layout - Page 1
2024-11-16 16:58:00,404 - INFO - Step 6 - Creating PDF
2024-11-16 16:58:00,479 - INFO - Step 7 - Adding PDF metadata
2024-11-16 16:59:29,027 - INFO - Step 1 - Fetching and parsing HTML - HTML string
2024-11-16 16:59:29,027 - INFO - Step 1 - Fetching and parsing HTML - HTML string
2024-11-16 16:59:29,043 - INFO - Step 2 - Fetching and parsing CSS - CSS string
2024-11-16 16:59:29,043 - INFO - Step 2 - Fetching and parsing CSS - CSS string
2024-11-16 16:59:29,073 - INFO - Step 3 - Applying CSS
2024-11-16 16:59:29,073 - INFO - Step 3 - Applying CSS
2024-11-16 16:59:29,076 - INFO - Step 4 - Creating formatting structure
2024-11-16 16:59:29,076 - INFO - Step 4 - Creating formatting structure
2024-11-16 16:59:29,084 - INFO - Step 5 - Creating layout - Page 1
2024-11-16 16:59:29,084 - INFO - Step 5 - Creating layout - Page 1
2024-11-16 16:59:30,381 - INFO - Step 6 - Creating PDF
2024-11-16 16:59:30,381 - INFO - Step 6 - Creating PDF
2024-11-16 16:59:30,392 - INFO - Step 7 - Adding PDF metadata
2024-11-16 16:59:30,392 - INFO - Step 7 - Adding PDF metadata
2024-11-16 17:07:54,996 - INFO - Step 1 - Fetching and parsing HTML - HTML string
2024-11-16 17:07:55,021 - INFO - Step 2 - Fetching and parsing CSS - CSS string
2024-11-16 17:07:55,085 - INFO - Step 3 - Applying CSS
2024-11-16 17:07:55,091 - INFO - Step 4 - Creating formatting structure
2024-11-16 17:07:55,099 - INFO - Step 5 - Creating layout - Page 1
2024-11-16 17:07:56,912 - INFO - Step 6 - Creating PDF
2024-11-16 17:07:57,178 - INFO - Step 7 - Adding PDF metadata
2024-11-16 17:09:00,432 - INFO - Step 1 - Fetching and parsing HTML - HTML string
2024-11-16 17:09:00,451 - INFO - Step 2 - Fetching and parsing CSS - CSS string
2024-11-16 17:09:00,503 - INFO - Step 3 - Applying CSS
2024-11-16 17:09:00,508 - INFO - Step 4 - Creating formatting structure
2024-11-16 17:09:00,517 - INFO - Step 5 - Creating layout - Page 1
2024-11-16 17:09:02,140 - INFO - Step 6 - Creating PDF
2024-11-16 17:09:02,225 - INFO - Step 7 - Adding PDF metadata
2024-11-16 17:10:48,496 - INFO - Step 1 - Fetching and parsing HTML - HTML string
2024-11-16 17:10:48,514 - INFO - Step 2 - Fetching and parsing CSS - CSS string
2024-11-16 17:10:48,564 - INFO - Step 3 - Applying CSS
2024-11-16 17:10:48,569 - INFO - Step 4 - Creating formatting structure
2024-11-16 17:10:48,579 - INFO - Step 5 - Creating layout - Page 1
2024-11-16 17:10:50,309 - INFO - Step 6 - Creating PDF
2024-11-16 17:10:50,354 - INFO - Step 7 - Adding PDF metadata
2024-11-16 17:14:09,617 - INFO - Step 1 - Fetching and parsing HTML - HTML string
2024-11-16 17:14:09,635 - INFO - Step 2 - Fetching and parsing CSS - CSS string
2024-11-16 17:14:09,690 - INFO - Step 3 - Applying CSS
2024-11-16 17:14:09,697 - INFO - Step 4 - Creating formatting structure
2024-11-16 17:14:09,706 - INFO - Step 5 - Creating layout - Page 1
2024-11-16 17:14:11,155 - INFO - Step 6 - Creating PDF
2024-11-16 17:14:11,201 - INFO - Step 7 - Adding PDF metadata
2024-11-16 17:17:24,134 - INFO - Step 1 - Fetching and parsing HTML - HTML string
2024-11-16 17:17:24,168 - INFO - Step 2 - Fetching and parsing CSS - CSS string
2024-11-16 17:17:24,251 - INFO - Step 3 - Applying CSS
2024-11-16 17:17:24,258 - INFO - Step 4 - Creating formatting structure
2024-11-16 17:17:24,275 - INFO - Step 5 - Creating layout - Page 1
2024-11-16 17:17:25,609 - INFO - Step 6 - Creating PDF
2024-11-16 17:17:25,646 - INFO - Step 7 - Adding PDF metadata
2024-11-16 17:18:00,886 - INFO - Step 1 - Fetching and parsing HTML - HTML string
2024-11-16 17:18:00,906 - INFO - Step 2 - Fetching and parsing CSS - CSS string
2024-11-16 17:18:00,974 - INFO - Step 3 - Applying CSS
2024-11-16 17:18:00,981 - INFO - Step 4 - Creating formatting structure
2024-11-16 17:18:00,991 - INFO - Step 5 - Creating layout - Page 1
2024-11-16 17:18:02,669 - INFO - Step 6 - Creating PDF
2024-11-16 17:18:02,774 - INFO - Step 7 - Adding PDF metadata
2024-11-16 17:18:43,480 - INFO - Step 1 - Fetching and parsing HTML - HTML string
2024-11-16 17:18:43,512 - INFO - Step 2 - Fetching and parsing CSS - CSS string
2024-11-16 17:18:43,591 - INFO - Step 3 - Applying CSS
2024-11-16 17:18:43,601 - INFO - Step 4 - Creating formatting structure
2024-11-16 17:18:43,612 - INFO - Step 5 - Creating layout - Page 1
2024-11-16 17:18:45,692 - INFO - Step 6 - Creating PDF
2024-11-16 17:18:45,778 - INFO - Step 7 - Adding PDF metadata
2024-11-16 17:22:23,348 - INFO - Step 1 - Fetching and parsing HTML - HTML string
2024-11-16 17:22:23,367 - INFO - Step 2 - Fetching and parsing CSS - CSS string
2024-11-16 17:22:23,434 - INFO - Step 3 - Applying CSS
2024-11-16 17:22:23,440 - INFO - Step 4 - Creating formatting structure
2024-11-16 17:22:23,452 - INFO - Step 5 - Creating layout - Page 1
2024-11-16 17:22:25,190 - INFO - Step 6 - Creating PDF
2024-11-16 17:22:25,237 - INFO - Step 7 - Adding PDF metadata
2024-11-16 17:23:41,631 - INFO - Step 1 - Fetching and parsing HTML - HTML string
2024-11-16 17:23:41,656 - INFO - Step 2 - Fetching and parsing CSS - CSS string
2024-11-16 17:23:41,715 - INFO - Step 3 - Applying CSS
2024-11-16 17:23:41,722 - INFO - Step 4 - Creating formatting structure
2024-11-16 17:23:41,734 - INFO - Step 5 - Creating layout - Page 1
2024-11-16 17:23:43,232 - INFO - Step 6 - Creating PDF
2024-11-16 17:23:43,273 - INFO - Step 7 - Adding PDF metadata
2024-11-16 17:32:51,676 - INFO - Step 1 - Fetching and parsing HTML - HTML string
2024-11-16 17:32:51,697 - INFO - Step 2 - Fetching and parsing CSS - CSS string
2024-11-16 17:32:51,775 - INFO - Step 3 - Applying CSS
2024-11-16 17:32:51,783 - INFO - Step 4 - Creating formatting structure
2024-11-16 17:32:51,798 - INFO - Step 5 - Creating layout - Page 1
2024-11-16 17:32:53,211 - INFO - Step 6 - Creating PDF
2024-11-16 17:32:53,253 - INFO - Step 7 - Adding PDF metadata
2024-11-16 17:35:09,055 - INFO - Step 1 - Fetching and parsing HTML - HTML string
2024-11-16 17:35:09,073 - INFO - Step 2 - Fetching and parsing CSS - CSS string
2024-11-16 17:35:09,137 - INFO - Step 3 - Applying CSS
2024-11-16 17:35:09,145 - INFO - Step 4 - Creating formatting structure
2024-11-16 17:35:09,157 - INFO - Step 5 - Creating layout - Page 1
2024-11-16 17:35:10,684 - INFO - Step 6 - Creating PDF
2024-11-16 17:35:10,732 - INFO - Step 7 - Adding PDF metadata
2024-11-16 17:37:23,025 - INFO - Step 1 - Fetching and parsing HTML - HTML string
2024-11-16 17:37:23,050 - INFO - Step 2 - Fetching and parsing CSS - CSS string
2024-11-16 17:37:23,114 - INFO - Step 3 - Applying CSS
2024-11-16 17:37:23,123 - INFO - Step 4 - Creating formatting structure
2024-11-16 17:37:23,135 - INFO - Step 5 - Creating layout - Page 1
2024-11-16 17:37:24,735 - INFO - Step 6 - Creating PDF
2024-11-16 17:37:24,775 - INFO - Step 7 - Adding PDF metadata
2024-11-16 17:40:41,011 - INFO - Step 1 - Fetching and parsing HTML - HTML string
2024-11-16 17:40:41,031 - INFO - Step 2 - Fetching and parsing CSS - CSS string
2024-11-16 17:40:41,106 - INFO - Step 3 - Applying CSS
2024-11-16 17:40:41,114 - INFO - Step 4 - Creating formatting structure
2024-11-16 17:40:41,130 - INFO - Step 5 - Creating layout - Page 1
2024-11-16 17:40:42,618 - INFO - Step 6 - Creating PDF
2024-11-16 17:40:42,717 - INFO - Step 7 - Adding PDF metadata
2024-11-16 17:42:31,951 - INFO - Step 1 - Fetching and parsing HTML - HTML string
2024-11-16 17:42:31,969 - INFO - Step 2 - Fetching and parsing CSS - CSS string
2024-11-16 17:42:32,036 - INFO - Step 3 - Applying CSS
2024-11-16 17:42:32,046 - INFO - Step 4 - Creating formatting structure
2024-11-16 17:42:32,058 - INFO - Step 5 - Creating layout - Page 1
2024-11-16 17:42:33,389 - INFO - Step 6 - Creating PDF
2024-11-16 17:42:33,440 - INFO - Step 7 - Adding PDF metadata
2024-11-16 17:43:35,040 - INFO - Step 1 - Fetching and parsing HTML - HTML string
2024-11-16 17:43:35,059 - INFO - Step 2 - Fetching and parsing CSS - CSS string
2024-11-16 17:43:35,123 - INFO - Step 3 - Applying CSS
2024-11-16 17:43:35,132 - INFO - Step 4 - Creating formatting structure
2024-11-16 17:43:35,143 - INFO - Step 5 - Creating layout - Page 1
2024-11-16 17:43:36,696 - INFO - Step 6 - Creating PDF
2024-11-16 17:43:36,735 - INFO - Step 7 - Adding PDF metadata
2024-11-16 17:44:39,140 - INFO - Step 1 - Fetching and parsing HTML - HTML string
2024-11-16 17:44:39,162 - INFO - Step 2 - Fetching and parsing CSS - CSS string
2024-11-16 17:44:39,222 - INFO - Step 3 - Applying CSS
2024-11-16 17:44:39,229 - INFO - Step 4 - Creating formatting structure
2024-11-16 17:44:39,241 - INFO - Step 5 - Creating layout - Page 1
2024-11-16 17:44:40,711 - INFO - Step 6 - Creating PDF
2024-11-16 17:44:40,750 - INFO - Step 7 - Adding PDF metadata
2024-11-16 17:45:43,657 - INFO - Step 1 - Fetching and parsing HTML - HTML string
2024-11-16 17:45:43,677 - INFO - Step 2 - Fetching and parsing CSS - CSS string
2024-11-16 17:45:43,737 - INFO - Step 3 - Applying CSS
2024-11-16 17:45:43,745 - INFO - Step 4 - Creating formatting structure
2024-11-16 17:45:43,761 - INFO - Step 5 - Creating layout - Page 1
2024-11-16 17:45:45,274 - INFO - Step 6 - Creating PDF
2024-11-16 17:45:45,313 - INFO - Step 7 - Adding PDF metadata
2024-11-16 17:46:27,016 - INFO - Step 1 - Fetching and parsing HTML - HTML string
2024-11-16 17:46:27,041 - INFO - Step 2 - Fetching and parsing CSS - CSS string
2024-11-16 17:46:27,102 - INFO - Step 3 - Applying CSS
2024-11-16 17:46:27,109 - INFO - Step 4 - Creating formatting structure
2024-11-16 17:46:27,122 - INFO - Step 5 - Creating layout - Page 1
2024-11-16 17:46:28,463 - INFO - Step 6 - Creating PDF
2024-11-16 17:46:28,505 - INFO - Step 7 - Adding PDF metadata
2024-11-16 17:48:50,725 - INFO - Step 1 - Fetching and parsing HTML - HTML string
2024-11-16 17:48:50,750 - INFO - Step 2 - Fetching and parsing CSS - CSS string
2024-11-16 17:48:50,809 - INFO - Step 3 - Applying CSS
2024-11-16 17:48:50,816 - INFO - Step 4 - Creating formatting structure
2024-11-16 17:48:50,829 - INFO - Step 5 - Creating layout - Page 1
2024-11-16 17:48:52,147 - INFO - Step 6 - Creating PDF
2024-11-16 17:48:52,189 - INFO - Step 7 - Adding PDF metadata
2024-11-16 17:50:34,920 - INFO - Step 1 - Fetching and parsing HTML - HTML string
2024-11-16 17:50:34,942 - INFO - Step 2 - Fetching and parsing CSS - CSS string
2024-11-16 17:50:35,019 - INFO - Step 3 - Applying CSS
2024-11-16 17:50:35,036 - INFO - Step 4 - Creating formatting structure
2024-11-16 17:50:35,063 - INFO - Step 5 - Creating layout - Page 1
2024-11-16 17:50:36,503 - INFO - Step 6 - Creating PDF
2024-11-16 17:50:36,543 - INFO - Step 7 - Adding PDF metadata
2024-11-16 17:51:14,393 - INFO - Step 1 - Fetching and parsing HTML - HTML string
2024-11-16 17:51:14,418 - INFO - Step 2 - Fetching and parsing CSS - CSS string
2024-11-16 17:51:14,480 - INFO - Step 3 - Applying CSS
2024-11-16 17:51:14,488 - INFO - Step 4 - Creating formatting structure
2024-11-16 17:51:14,503 - INFO - Step 5 - Creating layout - Page 1
2024-11-16 17:51:15,772 - INFO - Step 6 - Creating PDF
2024-11-16 17:51:15,815 - INFO - Step 7 - Adding PDF metadata
2024-11-16 17:52:31,787 - INFO - Step 1 - Fetching and parsing HTML - HTML string
2024-11-16 17:52:31,810 - INFO - Step 2 - Fetching and parsing CSS - CSS string
2024-11-16 17:52:31,869 - INFO - Step 3 - Applying CSS
2024-11-16 17:52:31,876 - INFO - Step 4 - Creating formatting structure
2024-11-16 17:52:31,888 - INFO - Step 5 - Creating layout - Page 1
2024-11-16 17:52:33,282 - INFO - Step 6 - Creating PDF
2024-11-16 17:52:33,323 - INFO - Step 7 - Adding PDF metadata
2024-11-16 17:53:32,806 - INFO - Step 1 - Fetching and parsing HTML - HTML string
2024-11-16 17:53:32,833 - INFO - Step 2 - Fetching and parsing CSS - CSS string
2024-11-16 17:53:32,896 - INFO - Step 3 - Applying CSS
2024-11-16 17:53:32,904 - INFO - Step 4 - Creating formatting structure
2024-11-16 17:53:32,927 - INFO - Step 5 - Creating layout - Page 1
2024-11-16 17:53:34,299 - INFO - Step 6 - Creating PDF
2024-11-16 17:53:34,339 - INFO - Step 7 - Adding PDF metadata
2024-11-16 17:54:03,183 - INFO - Step 1 - Fetching and parsing HTML - HTML string
2024-11-16 17:54:03,209 - INFO - Step 2 - Fetching and parsing CSS - CSS string
2024-11-16 17:54:03,269 - INFO - Step 3 - Applying CSS
2024-11-16 17:54:03,278 - INFO - Step 4 - Creating formatting structure
2024-11-16 17:54:03,290 - INFO - Step 5 - Creating layout - Page 1
2024-11-16 17:54:04,605 - INFO - Step 6 - Creating PDF
2024-11-16 17:54:04,646 - INFO - Step 7 - Adding PDF metadata
2024-11-16 17:54:37,652 - INFO - Step 1 - Fetching and parsing HTML - HTML string
2024-11-16 17:54:37,677 - INFO - Step 2 - Fetching and parsing CSS - CSS string
2024-11-16 17:54:37,738 - INFO - Step 3 - Applying CSS
2024-11-16 17:54:37,753 - INFO - Step 4 - Creating formatting structure
2024-11-16 17:54:37,770 - INFO - Step 5 - Creating layout - Page 1
2024-11-16 17:54:39,267 - INFO - Step 6 - Creating PDF
2024-11-16 17:54:39,307 - INFO - Step 7 - Adding PDF metadata
2024-11-16 17:55:15,332 - INFO - Step 1 - Fetching and parsing HTML - HTML string
2024-11-16 17:55:15,352 - INFO - Step 2 - Fetching and parsing CSS - CSS string
2024-11-16 17:55:15,416 - INFO - Step 3 - Applying CSS
2024-11-16 17:55:15,425 - INFO - Step 4 - Creating formatting structure
2024-11-16 17:55:15,437 - INFO - Step 5 - Creating layout - Page 1
2024-11-16 17:55:16,749 - INFO - Step 6 - Creating PDF
2024-11-16 17:55:16,790 - INFO - Step 7 - Adding PDF metadata
2024-11-16 18:01:30,328 - INFO - Step 1 - Fetching and parsing HTML - HTML string
2024-11-16 18:01:30,328 - INFO - Step 1 - Fetching and parsing HTML - HTML string
2024-11-16 18:01:30,353 - INFO - Step 2 - Fetching and parsing CSS - CSS string
2024-11-16 18:01:30,353 - INFO - Step 2 - Fetching and parsing CSS - CSS string
2024-11-16 18:01:30,393 - INFO - Step 3 - Applying CSS
2024-11-16 18:01:30,393 - INFO - Step 3 - Applying CSS
2024-11-16 18:01:30,406 - INFO - Step 4 - Creating formatting structure
2024-11-16 18:01:30,406 - INFO - Step 4 - Creating formatting structure
2024-11-16 18:01:30,428 - INFO - Step 5 - Creating layout - Page 1
2024-11-16 18:01:30,428 - INFO - Step 5 - Creating layout - Page 1
2024-11-16 18:01:31,724 - INFO - Step 6 - Creating PDF
2024-11-16 18:01:31,724 - INFO - Step 6 - Creating PDF
2024-11-16 18:01:31,752 - INFO - Step 7 - Adding PDF metadata
2024-11-16 18:01:31,752 - INFO - Step 7 - Adding PDF metadata
2024-11-16 18:04:29,706 - INFO - Step 1 - Fetching and parsing HTML - HTML string
2024-11-16 18:04:29,736 - INFO - Step 2 - Fetching and parsing CSS - CSS string
2024-11-16 18:04:29,799 - INFO - Step 3 - Applying CSS
2024-11-16 18:04:29,816 - INFO - Step 4 - Creating formatting structure
2024-11-16 18:04:29,839 - INFO - Step 5 - Creating layout - Page 1
2024-11-16 18:04:31,739 - INFO - Step 6 - Creating PDF
2024-11-16 18:04:31,793 - INFO - Step 7 - Adding PDF metadata
2024-11-16 18:05:22,120 - INFO - Step 1 - Fetching and parsing HTML - HTML string
2024-11-16 18:05:22,151 - INFO - Step 2 - Fetching and parsing CSS - CSS string
2024-11-16 18:05:22,215 - INFO - Step 3 - Applying CSS
2024-11-16 18:05:22,229 - INFO - Step 4 - Creating formatting structure
2024-11-16 18:05:22,254 - INFO - Step 5 - Creating layout - Page 1
2024-11-16 18:05:23,630 - INFO - Step 6 - Creating PDF
2024-11-16 18:05:23,682 - INFO - Step 7 - Adding PDF metadata
2024-11-16 18:07:46,354 - INFO - Step 1 - Fetching and parsing HTML - HTML string
2024-11-16 18:07:46,398 - INFO - Step 2 - Fetching and parsing CSS - CSS string
2024-11-16 18:07:46,481 - INFO - Step 3 - Applying CSS
2024-11-16 18:07:46,494 - INFO - Step 4 - Creating formatting structure
2024-11-16 18:07:46,516 - INFO - Step 5 - Creating layout - Page 1
2024-11-16 18:07:48,055 - INFO - Step 6 - Creating PDF
2024-11-16 18:07:48,091 - INFO - Step 7 - Adding PDF metadata
2024-11-16 18:13:42,737 - INFO - Step 1 - Fetching and parsing HTML - HTML string
2024-11-16 18:13:42,768 - INFO - Step 2 - Fetching and parsing CSS - CSS string
2024-11-16 18:13:42,830 - INFO - Step 3 - Applying CSS
2024-11-16 18:13:42,845 - INFO - Step 4 - Creating formatting structure
2024-11-16 18:13:42,867 - INFO - Step 5 - Creating layout - Page 1
2024-11-16 18:13:44,169 - INFO - Step 6 - Creating PDF
2024-11-16 18:13:44,212 - INFO - Step 7 - Adding PDF metadata
2024-11-16 18:19:33,927 - INFO - Step 1 - Fetching and parsing HTML - HTML string
2024-11-16 18:19:33,961 - INFO - Step 2 - Fetching and parsing CSS - CSS string
2024-11-16 18:19:34,031 - INFO - Step 3 - Applying CSS
2024-11-16 18:19:34,051 - INFO - Step 4 - Creating formatting structure
2024-11-16 18:19:34,087 - INFO - Step 5 - Creating layout - Page 1
2024-11-16 18:19:35,627 - INFO - Step 6 - Creating PDF
2024-11-16 18:19:35,676 - INFO - Step 7 - Adding PDF metadata
2024-11-16 18:29:01,971 - INFO - Step 1 - Fetching and parsing HTML - HTML string
2024-11-16 18:29:01,990 - INFO - Step 2 - Fetching and parsing CSS - CSS string
2024-11-16 18:29:02,052 - INFO - Step 3 - Applying CSS
2024-11-16 18:29:02,057 - INFO - Step 4 - Creating formatting structure
2024-11-16 18:29:02,068 - INFO - Step 5 - Creating layout - Page 1
2024-11-16 18:29:03,480 - INFO - Step 6 - Creating PDF
2024-11-16 18:29:03,535 - INFO - Step 7 - Adding PDF metadata
